"../../../../../ouczbs/Survive/Content/AdvancedLocomotionV4/Audio/Footsteps/Concrete_Pivot_01.uasset" 0
"../../../../../ouczbs/Survive/Content/AdvancedLocomotionV4/Audio/Footsteps/Concrete_Pivot_02.uasset" 1
"../../../../../ouczbs/Survive/Content/AdvancedLocomotionV4/Audio/Footsteps/Concrete_Pivot_03.uasset" 2
"../../../../../ouczbs/Survive/Content/AdvancedLocomotionV4/Audio/Footsteps/Concrete_Pivot_04.uasset" 3
"../../../../../ouczbs/Survive/Content/AdvancedLocomotionV4/Audio/Footsteps/Concrete_Run_01.uasset" 4
"../../../../../ouczbs/Survive/Content/AdvancedLocomotionV4/Audio/Footsteps/Concrete_Run_02.uasset" 5
"../../../../../ouczbs/Survive/Content/AdvancedLocomotionV4/Audio/Footsteps/Concrete_Run_03.uasset" 6
"../../../../../ouczbs/Survive/Content/AdvancedLocomotionV4/Audio/Footsteps/Concrete_Run_04.uasset" 7
"../../../../../ouczbs/Survive/Content/AdvancedLocomotionV4/Audio/Footsteps/Concrete_Step_01.uasset" 8
"../../../../../ouczbs/Survive/Content/AdvancedLocomotionV4/Audio/Footsteps/Concrete_Step_02.uasset" 9
"../../../../../ouczbs/Survive/Content/AdvancedLocomotionV4/Audio/Footsteps/Concrete_Step_03.uasset" 10
"../../../../../ouczbs/Survive/Content/AdvancedLocomotionV4/Audio/Footsteps/Concrete_Walk_01.uasset" 11
"../../../../../ouczbs/Survive/Content/AdvancedLocomotionV4/Audio/Footsteps/Concrete_Walk_02.uasset" 12
"../../../../../ouczbs/Survive/Content/AdvancedLocomotionV4/Audio/Footsteps/Concrete_Walk_03.uasset" 13
"../../../../../ouczbs/Survive/Content/AdvancedLocomotionV4/Audio/Footsteps/Concrete_Walk_04.uasset" 14
"../../../Engine/Content/EngineMeshes/Humanoid.uasset" 15
"../../../../../ouczbs/Survive/Content/AdvancedLocomotionV4/CharacterAssets/MannequinSkeleton/ALS_Mannequin_Skeleton.uasset" 16
"../../../../../ouczbs/Survive/Content/AdvancedLocomotionV4/CharacterAssets/MannequinSkeleton/ALS_Mannequin_T_Pose.uasset" 17
"../../../../../ouczbs/Survive/Content/AdvancedLocomotionV4/CharacterAssets/MannequinSkeleton/AnimationExamples/Base/BasePoses/ALS_N_Pose.uasset" 18
"../../../../../ouczbs/Survive/Content/AdvancedLocomotionV4/CharacterAssets/MannequinSkeleton/Editor.uasset" 19
"../../../../../ouczbs/Survive/Content/AdvancedLocomotionV4/CharacterAssets/MannequinSkeleton/AnimationExamples/Base/Locomotion/ALS_CRF_WalkPose.uasset" 20
"../../../../../ouczbs/Survive/Content/AdvancedLocomotionV4/CharacterAssets/MannequinSkeleton/AnimationExamples/Base/Locomotion/ALS_CRF_Walk_B.uasset" 21
"../../../../../ouczbs/Survive/Content/AdvancedLocomotionV4/CharacterAssets/MannequinSkeleton/AnimationExamples/Base/Locomotion/ALS_CRF_Walk_F.uasset" 22
"../../../Engine/Content/EditorBlueprintResources/StandardMacros.uasset" 23
"../../../../../ouczbs/Survive/Content/AdvancedLocomotionV4/Blueprints/AnimModifiers/Create_LayeringCurves.uasset" 24
"../../../../../ouczbs/Survive/Content/AdvancedLocomotionV4/CharacterAssets/MannequinSkeleton/AnimationExamples/Overlay/M4A1/ALS_Props_M4A1_Run_F.uasset" 25
"../../../../../ouczbs/Survive/Content/AdvancedLocomotionV4/CharacterAssets/MannequinSkeleton/AnimationExamples/Overlay/M4A1/ALS_Props_M4A1_Sprint_F.uasset" 26
"../../../../../ouczbs/Survive/Content/AdvancedLocomotionV4/CharacterAssets/MannequinSkeleton/AnimationExamples/Overlay/M4A1/ALS_Props_M4A1_Sprint_F_Impulse.uasset" 27
"../../../../../ouczbs/Survive/Content/AdvancedLocomotionV4/CharacterAssets/MannequinSkeleton/Materials/M_Cape.uasset" 28
"../../../../../ouczbs/Survive/Content/AdvancedLocomotionV4/Data/Curves/AnimationBlendCurves/StrideBlend_N_Run_V.uasset" 29
"../../../../../ouczbs/Survive/Content/AdvancedLocomotionV4/Data/Curves/AnimationBlendCurves/StrideBlend_N_Walk_V.uasset" 30
"../../../../../ouczbs/Survive/Content/AdvancedLocomotionV4/Data/Curves/CameraBlendCurves/CameraLerp_3.uasset" 31
"../../../../../ouczbs/Survive/Content/AdvancedLocomotionV4/Data/Enums/AnimFeatureExample.uasset" 32
"../../../../../ouczbs/Survive/Content/AdvancedLocomotionV4/Data/Structs/CameraSettings.uasset" 33
"../../../../../ouczbs/Survive/Content/AdvancedLocomotionV4/Data/Structs/CameraSettings_Gait.uasset" 34
"../../../../../ouczbs/Survive/Content/AdvancedLocomotionV4/Data/Structs/CameraSettings_State.uasset" 35
"../../../../../ouczbs/Survive/Content/AdvancedLocomotionV4/Environment/Materials/M_GridLevel_Objects.uasset" 36
"../../../../../ouczbs/Survive/Content/AdvancedLocomotionV4/Environment/Materials/Textures/T_Checker_Noise_M.uasset" 37
"../../../../../ouczbs/Survive/Content/AdvancedLocomotionV4/Environment/Materials/M_Object.uasset" 38
"../../../../../ouczbs/Survive/Content/AdvancedLocomotionV4/Environment/Meshes/Complex_Fountain_02.uasset" 39
"../../../Engine/Content/EngineMaterials/T_Default_Material_Grid_M.uasset" 40
"../../../../../ouczbs/Survive/Content/AdvancedLocomotionV4/Environment/Materials/Textures/T_Tiles_M.uasset" 41
"../../../../../ouczbs/Survive/Content/AdvancedLocomotionV4/Environment/Materials/Textures/T_Tiles_N.uasset" 42
"../../../../../ouczbs/Survive/Content/AdvancedLocomotionV4/Environment/Materials/M_Tiles.uasset" 43
"../../../../../ouczbs/Survive/Content/AdvancedLocomotionV4/Environment/Meshes/Simple_Platform_2x2.uasset" 44
"../../../../../ouczbs/Survive/Content/Blueprints/test.uasset" 45
"../../../Engine/Content/Functions/Engine_MaterialFunctions01/Gradient/LinearGradient.uasset" 46
"../../../Engine/Content/Functions/Engine_MaterialFunctions01/ImageAdjustment/CheapContrast.uasset" 47
"../../../Engine/Content/EngineMaterials/DefaultDiffuse.uasset" 48
"../../../Engine/Content/Functions/Engine_MaterialFunctions01/Texturing/WorldAlignedTexture.uasset" 49
"../../../Engine/Content/Functions/Engine_MaterialFunctions02/Utility/MakeFloat3.uasset" 50
"../../../../../ouczbs/Survive/Content/Blueprints/Materialize/material_vfx.uasset" 51
"../../../../../ouczbs/Survive/Content/AdvancedLocomotionV4/Environment/Meshes/Complex_Arch_01.uasset" 52
"../../../../../ouczbs/Survive/Content/Blueprints/Materialize/VFX_test.uasset" 53
"../../../../../ouczbs/Survive/Content/Blueprints/System/BP_LuaManager.uasset" 54
"../../../../../ouczbs/Survive/Content/Blueprints/System/BP_MessageManager.uasset" 55
"../../../../../ouczbs/Survive/Content/Blueprints/UI/UI_AndriodWindow.uasset" 56
"../../../../../ouczbs/Survive/Content/PlayerBuildingSystem/README.uasset" 57
"../../../../../ouczbs/Survive/Content/PlayerBuildingSystem/Character/Mesh/UE4_Mannequin_Skeleton.uasset" 58
"../../../../../ouczbs/Survive/Content/PlayerBuildingSystem/Animations/AimOffsets/Hands_Center.uasset" 59
"../../../../../ouczbs/Survive/Content/PlayerBuildingSystem/Animations/AimOffsets/Hands_Down.uasset" 60
"../../../../../ouczbs/Survive/Content/PlayerBuildingSystem/Animations/AimOffsets/Hands_Left.uasset" 61
"../../../../../ouczbs/Survive/Content/PlayerBuildingSystem/Animations/AimOffsets/Hands_LeftDown.uasset" 62
"../../../../../ouczbs/Survive/Content/PlayerBuildingSystem/Animations/AimOffsets/Hands_LeftUp.uasset" 63
"../../../../../ouczbs/Survive/Content/PlayerBuildingSystem/Animations/AimOffsets/Hands_Right.uasset" 64
"../../../../../ouczbs/Survive/Content/PlayerBuildingSystem/Animations/AimOffsets/Hands_RightDown.uasset" 65
"../../../../../ouczbs/Survive/Content/PlayerBuildingSystem/Animations/AimOffsets/Hands_RightUp.uasset" 66
"../../../../../ouczbs/Survive/Content/PlayerBuildingSystem/Animations/AimOffsets/Hands_Up.uasset" 67
"../../../../../ouczbs/Survive/Content/PlayerBuildingSystem/Animations/AnimationSequances/Idle_Hands.uasset" 68
"../../../../../ouczbs/Survive/Content/PlayerBuildingSystem/Animations/AimOffsets/Hands_AO.uasset" 69
"../../../../../ouczbs/Survive/Content/PlayerBuildingSystem/Blueprints/BuildingBlueprints/Other/E_BuildTypes.uasset" 70
"../../../../../ouczbs/Survive/Content/PlayerBuildingSystem/Blueprints/BuildingBlueprints/Other/S_ResourceCost.uasset" 71
"../../../../../ouczbs/Survive/Content/PlayerBuildingSystem/Blueprints/BuildingBlueprints/Other/S_BuildingCost.uasset" 72
"../../../../../ouczbs/Survive/Content/PlayerBuildingSystem/Blueprints/BuildingBlueprints/Other/S_Build_Part_Info.uasset" 73
"../../../../../ouczbs/Survive/Content/PlayerBuildingSystem/Blueprints/BuildingBlueprints/Other/BuildingMacros.uasset" 74
"../../../../../ouczbs/Survive/Content/PlayerBuildingSystem/Blueprints/BuildingBlueprints/Other/S_GridSave.uasset" 75
"../../../../../ouczbs/Survive/Content/PlayerBuildingSystem/Blueprints/BuildingBlueprints/BuildGrids/BP_MasterGrid.uasset" 76
"../../../../../ouczbs/Survive/Content/PlayerBuildingSystem/Blueprints/BuildingBlueprints/BuildGrids/BP_CeilingGrid.uasset" 77
"../../../../../ouczbs/Survive/Content/PlayerBuildingSystem/Blueprints/BuildingBlueprints/BuildGrids/BP_DoorGrid.uasset" 78
"../../../../../ouczbs/Survive/Content/PlayerBuildingSystem/Blueprints/BuildingBlueprints/BuildGrids/BP_FoundationGrid.uasset" 79
"../../../../../ouczbs/Survive/Content/PlayerBuildingSystem/Blueprints/BuildingBlueprints/BuildGrids/BP_PillerGrid.uasset" 80
"../../../../../ouczbs/Survive/Content/PlayerBuildingSystem/Blueprints/BuildingBlueprints/BuildGrids/BP_StairsGrid.uasset" 81
"../../../../../ouczbs/Survive/Content/PlayerBuildingSystem/Blueprints/BuildingBlueprints/BuildGrids/BP_WallGrid.uasset" 82
"../../../../../ouczbs/Survive/Content/PlayerBuildingSystem/Blueprints/BuildingBlueprints/BuildGrids/BP_WindowGrid.uasset" 83
"../../../Engine/Content/EditorBlueprintResources/ActorMacros.uasset" 84
"../../../../../ouczbs/Survive/Content/PlayerBuildingSystem/Textures/Meshes/T_Placeholder_BC.uasset" 85
"../../../../../ouczbs/Survive/Content/PlayerBuildingSystem/Textures/Meshes/T_Placeholder_BC1.uasset" 86
"../../../../../ouczbs/Survive/Content/PlayerBuildingSystem/Textures/Meshes/T_Placeholder_N.uasset" 87
"../../../../../ouczbs/Survive/Content/PlayerBuildingSystem/Materials/M_BasicMasterMaterial.uasset" 88
"../../../../../ouczbs/Survive/Content/PlayerBuildingSystem/Textures/NewBuildParts/DoorFrameStone/T_DoorFrame_ARM_01.uasset" 89
"../../../../../ouczbs/Survive/Content/PlayerBuildingSystem/Textures/NewBuildParts/DoorFrameStone/T_DoorFrame_BC_01.uasset" 90
"../../../../../ouczbs/Survive/Content/PlayerBuildingSystem/Textures/NewBuildParts/DoorFrameStone/T_WindowFrame_N_01.uasset" 91
"../../../../../ouczbs/Survive/Content/PlayerBuildingSystem/Materials/MaterialInstances/MI_DoorFrame_Stone_01.uasset" 92
"../../../../../ouczbs/Survive/Content/PlayerBuildingSystem/Meshes/StaticMeshes/BuildParts/SM_DoorFrame_Stone_01.uasset" 93
"../../../../../ouczbs/Survive/Content/PlayerBuildingSystem/Blueprints/BuildingBlueprints/BuildObjects/BP_DoorFrame_01.uasset" 94
"../../../../../ouczbs/Survive/Content/PlayerBuildingSystem/Textures/NewBuildParts/WindowFrameStone/T_WindowFrame_Stone_ARM_01.uasset" 95
"../../../../../ouczbs/Survive/Content/PlayerBuildingSystem/Textures/NewBuildParts/WindowFrameStone/T_WindowFrame_Stone_BC_01.uasset" 96
"../../../../../ouczbs/Survive/Content/PlayerBuildingSystem/Textures/NewBuildParts/WindowFrameStone/T_WindowFrame_Stone_N_01.uasset" 97
"../../../../../ouczbs/Survive/Content/PlayerBuildingSystem/Materials/MaterialInstances/MI_WindowFrame_Stone_01.uasset" 98
"../../../../../ouczbs/Survive/Content/PlayerBuildingSystem/Meshes/StaticMeshes/BuildParts/SM_WindowFrame_Stone_01.uasset" 99
"../../../../../ouczbs/Survive/Content/PlayerBuildingSystem/Blueprints/BuildingBlueprints/BuildObjects/BP_WindowFrame_01.uasset" 100
"../../../../../ouczbs/Survive/Content/PlayerBuildingSystem/Blueprints/BuildingBlueprints/Other/BuildingInterface.uasset" 101
"../../../../../ouczbs/Survive/Content/PlayerBuildingSystem/Textures/NewBuildParts/DoorWood/T_Door_Wood_ARM_01.uasset" 102
"../../../../../ouczbs/Survive/Content/PlayerBuildingSystem/Textures/NewBuildParts/DoorWood/T_Door_Wood_BC_01.uasset" 103
"../../../../../ouczbs/Survive/Content/PlayerBuildingSystem/Textures/NewBuildParts/DoorWood/T_Door_Wood_N_01.uasset" 104
"../../../../../ouczbs/Survive/Content/PlayerBuildingSystem/Materials/MaterialInstances/MI_Door_Wood_01.uasset" 105
"../../../../../ouczbs/Survive/Content/PlayerBuildingSystem/Meshes/StaticMeshes/BuildParts/SM_Door_Wood_01.uasset" 106
"../../../../../ouczbs/Survive/Content/PlayerBuildingSystem/Blueprints/BuildingBlueprints/BuildObjects/OpenableDoor.uasset" 107
"../../../../../ouczbs/Survive/Content/PlayerBuildingSystem/Textures/NewBuildParts/WindowWood/Window_01_-_Default_BaseColor.uasset" 108
"../../../../../ouczbs/Survive/Content/PlayerBuildingSystem/Textures/NewBuildParts/WindowWood/Window_01_-_Default_Normal.uasset" 109
"../../../../../ouczbs/Survive/Content/PlayerBuildingSystem/Textures/NewBuildParts/WindowWood/Window_01_-_Default_OcclusionRoughnessMetallic.uasset" 110
"../../../../../ouczbs/Survive/Content/PlayerBuildingSystem/Materials/MaterialInstances/MI_Window_Wood_01.uasset" 111
"../../../../../ouczbs/Survive/Content/PlayerBuildingSystem/Meshes/StaticMeshes/BuildParts/SM_Window_Door_L_Wood_01.uasset" 112
"../../../../../ouczbs/Survive/Content/PlayerBuildingSystem/Meshes/StaticMeshes/BuildParts/SM_Window_Door_R_Wood_01.uasset" 113
"../../../../../ouczbs/Survive/Content/PlayerBuildingSystem/Meshes/StaticMeshes/BuildParts/SM_Window_Frame_Wood_01.uasset" 114
"../../../../../ouczbs/Survive/Content/PlayerBuildingSystem/Blueprints/BuildingBlueprints/BuildObjects/OpenableWindow.uasset" 115
"../../../../../ouczbs/Survive/Content/PlayerBuildingSystem/Blueprints/BuildingBlueprints/Other/E_SegmentType.uasset" 116
"../../../../../ouczbs/Survive/Content/PlayerBuildingSystem/Sounds/S_UI_Click.uasset" 117
"../../../../../ouczbs/Survive/Content/PlayerBuildingSystem/Textures/Icons/T_Door_Icon.uasset" 118
"../../../../../ouczbs/Survive/Content/PlayerBuildingSystem/Textures/Icons/T_DoorFrame_Icon_UI.uasset" 119
"../../../../../ouczbs/Survive/Content/PlayerBuildingSystem/Textures/Icons/T_Floor_Icon_UI.uasset" 120
"../../../../../ouczbs/Survive/Content/PlayerBuildingSystem/Textures/Icons/T_Foundation_Icon_UI.uasset" 121
"../../../../../ouczbs/Survive/Content/PlayerBuildingSystem/Textures/Icons/T_FoundationStairs_Icon_UI.uasset" 122
"../../../../../ouczbs/Survive/Content/PlayerBuildingSystem/Textures/Icons/T_Piller_Icon_UI.uasset" 123
"../../../../../ouczbs/Survive/Content/PlayerBuildingSystem/Textures/Icons/T_Stairs_L_Icon_UI.uasset" 124
"../../../../../ouczbs/Survive/Content/PlayerBuildingSystem/Textures/Icons/T_Stairs_U_Icon_UI.uasset" 125
"../../../../../ouczbs/Survive/Content/PlayerBuildingSystem/Textures/Icons/T_Wall_Icon_UI.uasset" 126
"../../../../../ouczbs/Survive/Content/PlayerBuildingSystem/Textures/Icons/T_Window_Icon_UI.uasset" 127
"../../../../../ouczbs/Survive/Content/PlayerBuildingSystem/Textures/Icons/T_WindowFrame_Icon_UI.uasset" 128
"../../../../../ouczbs/Survive/Content/PlayerBuildingSystem/Textures/UI/T_120_Unselected_UI.uasset" 129
"../../../../../ouczbs/Survive/Content/PlayerBuildingSystem/Textures/UI/T_180_Selected_UI.uasset" 130
"../../../../../ouczbs/Survive/Content/PlayerBuildingSystem/Textures/UI/T_180_Unselected_UI.uasset" 131
"../../../../../ouczbs/Survive/Content/PlayerBuildingSystem/Blueprints/UI/MasterSegment.uasset" 132
"../../../../../ouczbs/Survive/Content/PlayerBuildingSystem/Blueprints/MasterResource.uasset" 133
"../../../Engine/Content/Functions/Engine_MaterialFunctions01/Gradient/SphereGradient-2D.uasset" 134
"../../../../../ouczbs/Survive/Content/PlayerBuildingSystem/Textures/UI/T_CircularMask.uasset" 135
"../../../../../ouczbs/Survive/Content/PlayerBuildingSystem/Materials/M_ProgressCircle.uasset" 136
"../../../../../ouczbs/Survive/Content/PlayerBuildingSystem/Materials/MI_ProgressCircle.uasset" 137
"../../../../../ouczbs/Survive/Content/PlayerBuildingSystem/Textures/UI/E_Icon.uasset" 138
"../../../../../ouczbs/Survive/Content/PlayerBuildingSystem/Textures/UI/Interact_Icon.uasset" 139
"../../../../../ouczbs/Survive/Content/PlayerBuildingSystem/Blueprints/UI/BuildingHUD.uasset" 140
"../../../../../ouczbs/Survive/Content/PlayerBuildingSystem/Blueprints/UI/MasterRadialMenu.uasset" 141
"../../../../../ouczbs/Survive/Content/PlayerBuildingSystem/Blueprints/UI/MiscSegment.uasset" 142
"../../../../../ouczbs/Survive/Content/PlayerBuildingSystem/Textures/Icons/T_Back_Icon_UI.uasset" 143
"../../../../../ouczbs/Survive/Content/PlayerBuildingSystem/Textures/Icons/T_More_Icon_UI.uasset" 144
"../../../../../ouczbs/Survive/Content/PlayerBuildingSystem/Textures/Icons/T_Plot_Pole_Icon.uasset" 145
"../../../../../ouczbs/Survive/Content/PlayerBuildingSystem/Textures/UI/T_Center_UI.uasset" 146
"../../../../../ouczbs/Survive/Content/PlayerBuildingSystem/Textures/UI/T_Selected_UI.uasset" 147
"../../../../../ouczbs/Survive/Content/PlayerBuildingSystem/Textures/UI/T_Unselected_UI.uasset" 148
"../../../../../ouczbs/Survive/Content/PlayerBuildingSystem/Blueprints/UI/BuildingMenuPage2.uasset" 149
"../../../../../ouczbs/Survive/Content/PlayerBuildingSystem/Blueprints/UI/BuildingMenu.uasset" 150
"../../../../../ouczbs/Survive/Content/PlayerBuildingSystem/Textures/Icons/T_Add_Icon_UI.uasset" 151
"../../../../../ouczbs/Survive/Content/PlayerBuildingSystem/Textures/Icons/T_Clear_Icon_UI.uasset" 152
"../../../../../ouczbs/Survive/Content/PlayerBuildingSystem/Textures/Icons/T_Demolish_Icon_UI.uasset" 153
"../../../../../ouczbs/Survive/Content/PlayerBuildingSystem/Blueprints/UI/PlotPoleMenu.uasset" 154
"../../../../../ouczbs/Survive/Content/PlayerBuildingSystem/Textures/Meshes/T_Plot_Pole_ARM_01.uasset" 155
"../../../../../ouczbs/Survive/Content/PlayerBuildingSystem/Textures/Meshes/T_Plot_Pole_BC_01.uasset" 156
"../../../../../ouczbs/Survive/Content/PlayerBuildingSystem/Textures/Meshes/T_Plot_Pole_N_01.uasset" 157
"../../../../../ouczbs/Survive/Content/PlayerBuildingSystem/Materials/MaterialInstances/MI_Plot_Pole_01.uasset" 158
"../../../../../ouczbs/Survive/Content/PlayerBuildingSystem/Meshes/StaticMeshes/Other/SM_Plot_Pole_01.uasset" 159
"../../../../../ouczbs/Survive/Content/PlayerBuildingSystem/Blueprints/BuildingBlueprints/BuildObjects/PlotPole.uasset" 160
"../../../Engine/Content/Functions/Engine_MaterialFunctions01/Opacity/CameraDepthFade.uasset" 161
"../../../Engine/Content/EngineMaterials/T_Default_Material_Grid_N.uasset" 162
"../../../Engine/Content/EngineMaterials/WorldGridMaterial.uasset" 163
"../../../../../ouczbs/Survive/Content/PlayerBuildingSystem/Textures/NewBuildParts/FoundationStairsStone/T_Stone_Stairs_ARM_01.uasset" 164
"../../../../../ouczbs/Survive/Content/PlayerBuildingSystem/Textures/NewBuildParts/FoundationStairsStone/T_Stone_Stairs_BC_01.uasset" 165
"../../../../../ouczbs/Survive/Content/PlayerBuildingSystem/Textures/NewBuildParts/FoundationStairsStone/T_Stone_Stairs_N_01.uasset" 166
"../../../../../ouczbs/Survive/Content/PlayerBuildingSystem/Materials/MaterialInstances/MI_FoundationStairs_Stone_01.uasset" 167
"../../../../../ouczbs/Survive/Content/PlayerBuildingSystem/Meshes/DestructableMeshes/DM_Stone_Doorframe_01.uasset" 168
"../../../../../ouczbs/Survive/Content/PlayerBuildingSystem/Textures/NewBuildParts/DoorFrameWood/T_DoorFrame_Wood_ARM_01.uasset" 169
"../../../../../ouczbs/Survive/Content/PlayerBuildingSystem/Textures/NewBuildParts/DoorFrameWood/T_DoorFrame_Wood_BC_01.uasset" 170
"../../../../../ouczbs/Survive/Content/PlayerBuildingSystem/Textures/NewBuildParts/DoorFrameWood/T_DoorFrame_Wood_N_01.uasset" 171
"../../../../../ouczbs/Survive/Content/PlayerBuildingSystem/Materials/MaterialInstances/MI_DoorFrame_Wood_01.uasset" 172
"../../../../../ouczbs/Survive/Content/PlayerBuildingSystem/Textures/NewBuildParts/WindowFrameWood/T_WindowFrame_Wood_ARM_02.uasset" 173
"../../../../../ouczbs/Survive/Content/PlayerBuildingSystem/Textures/NewBuildParts/WindowFrameWood/T_WindowFrame_Wood_BC_02.uasset" 174
"../../../../../ouczbs/Survive/Content/PlayerBuildingSystem/Textures/NewBuildParts/WindowFrameWood/T_WindowFrame_Wood_N_02.uasset" 175
"../../../../../ouczbs/Survive/Content/PlayerBuildingSystem/Materials/MaterialInstances/MI_WindowFrame_Wood_02.uasset" 176
"../../../../../ouczbs/Survive/Content/PlayerBuildingSystem/Textures/NewBuildParts/WallWood/SM_Wood_Wall_2_ARM_2.uasset" 177
"../../../../../ouczbs/Survive/Content/PlayerBuildingSystem/Textures/NewBuildParts/WallWood/SM_Wood_Wall_2_BC_1.uasset" 178
"../../../../../ouczbs/Survive/Content/PlayerBuildingSystem/Textures/NewBuildParts/WallWood/SM_Wood_Wall_2_N.uasset" 179
"../../../../../ouczbs/Survive/Content/PlayerBuildingSystem/Materials/MaterialInstances/MI_Piller_Wood_02.uasset" 180
"../../../../../ouczbs/Survive/Content/PlayerBuildingSystem/Meshes/StaticMeshes/BuildParts/SM_DoorFrame_Wood_01.uasset" 181
"../../../../../ouczbs/Survive/Content/PlayerBuildingSystem/Meshes/DestructableMeshes/DM_Wood_Doorframe_01.uasset" 182
"../../../../../ouczbs/Survive/Content/PlayerBuildingSystem/Meshes/StaticMeshes/BuildParts/SM_Window_01.uasset" 183
"../../../../../ouczbs/Survive/Content/PlayerBuildingSystem/Meshes/DestructableMeshes/DM_Wood_Window_01.uasset" 184
"../../../../../ouczbs/Survive/Content/PlayerBuildingSystem/Textures/NewBuildParts/DoorFrameWood/T_DoorFrame_Wood_ARM_02.uasset" 185
"../../../../../ouczbs/Survive/Content/PlayerBuildingSystem/Textures/NewBuildParts/DoorFrameWood/T_DoorFrame_Wood_BC_02.uasset" 186
"../../../../../ouczbs/Survive/Content/PlayerBuildingSystem/Textures/NewBuildParts/DoorFrameWood/T_DoorFrame_Wood_N_02.uasset" 187
"../../../../../ouczbs/Survive/Content/PlayerBuildingSystem/Materials/MaterialInstances/MI_DoorFrame_Wood_02.uasset" 188
"../../../../../ouczbs/Survive/Content/PlayerBuildingSystem/Meshes/StaticMeshes/BuildParts/SM_DoorFrame_Wood_02.uasset" 189
"../../../../../ouczbs/Survive/Content/PlayerBuildingSystem/Meshes/DestructableMeshes/SM_DoorFrame_Wood_02_DM.uasset" 190
"../../../../../ouczbs/Survive/Content/PlayerBuildingSystem/Textures/NewBuildParts/FloorStone/T_Floor_Stone_ARM_01.uasset" 191
"../../../../../ouczbs/Survive/Content/PlayerBuildingSystem/Textures/NewBuildParts/FloorStone/T_Floor_Stone_BC_01.uasset" 192
"../../../../../ouczbs/Survive/Content/PlayerBuildingSystem/Textures/NewBuildParts/FloorStone/T_Floor_Stone_N_01.uasset" 193
"../../../../../ouczbs/Survive/Content/PlayerBuildingSystem/Materials/MaterialInstances/MI_Floor_Stone_01.uasset" 194
"../../../../../ouczbs/Survive/Content/PlayerBuildingSystem/Meshes/StaticMeshes/BuildParts/SM_Floor_Stone_01.uasset" 195
"../../../../../ouczbs/Survive/Content/PlayerBuildingSystem/Meshes/DestructableMeshes/SM_Floor_Stone_01_DM.uasset" 196
"../../../../../ouczbs/Survive/Content/PlayerBuildingSystem/Textures/NewBuildParts/FloorWood/T_Floor_Wood_ARM_01.uasset" 197
"../../../../../ouczbs/Survive/Content/PlayerBuildingSystem/Textures/NewBuildParts/FloorWood/T_Floor_Wood_BC_01.uasset" 198
"../../../../../ouczbs/Survive/Content/PlayerBuildingSystem/Textures/NewBuildParts/FloorWood/T_Floor_Wood_N_01.uasset" 199
"../../../../../ouczbs/Survive/Content/PlayerBuildingSystem/Materials/MaterialInstances/MI_Floor_Wood_01.uasset" 200
"../../../../../ouczbs/Survive/Content/PlayerBuildingSystem/Meshes/StaticMeshes/BuildParts/SM_Floor_Wood_01.uasset" 201
"../../../../../ouczbs/Survive/Content/PlayerBuildingSystem/Meshes/DestructableMeshes/SM_Floor_Wood_01_DM.uasset" 202
"../../../../../ouczbs/Survive/Content/PlayerBuildingSystem/Textures/NewBuildParts/FoundationStone/T_Foundation_Stone_ARM_01.uasset" 203
"../../../../../ouczbs/Survive/Content/PlayerBuildingSystem/Textures/NewBuildParts/FoundationStone/T_Foundation_Stone_BC_01.uasset" 204
"../../../../../ouczbs/Survive/Content/PlayerBuildingSystem/Textures/NewBuildParts/FoundationStone/T_Foundation_Stone_N_01.uasset" 205
"../../../../../ouczbs/Survive/Content/PlayerBuildingSystem/Materials/MaterialInstances/MI_Foundation_Stone_01.uasset" 206
"../../../../../ouczbs/Survive/Content/PlayerBuildingSystem/Meshes/StaticMeshes/BuildParts/SM_Foundation_Stone_01.uasset" 207
"../../../../../ouczbs/Survive/Content/PlayerBuildingSystem/Meshes/DestructableMeshes/SM_Foundation_Stone_01_DM.uasset" 208
"../../../../../ouczbs/Survive/Content/PlayerBuildingSystem/Textures/NewBuildParts/FoundationWood/T_Foundation_Wood_ARM_01.uasset" 209
"../../../../../ouczbs/Survive/Content/PlayerBuildingSystem/Textures/NewBuildParts/FoundationWood/T_Foundation_Wood_BC_01.uasset" 210
"../../../../../ouczbs/Survive/Content/PlayerBuildingSystem/Textures/NewBuildParts/FoundationWood/T_Foundation_Wood_N_01.uasset" 211
"../../../../../ouczbs/Survive/Content/PlayerBuildingSystem/Materials/MaterialInstances/MI_Foundation_Wood_01.uasset" 212
"../../../../../ouczbs/Survive/Content/PlayerBuildingSystem/Meshes/StaticMeshes/BuildParts/SM_Foundation_Wood_01.uasset" 213
"../../../../../ouczbs/Survive/Content/PlayerBuildingSystem/Meshes/DestructableMeshes/SM_Foundation_Wood_01_DM.uasset" 214
"../../../../../ouczbs/Survive/Content/PlayerBuildingSystem/Textures/NewBuildParts/PillerStone/T_Piller_Stone_ARM_01.uasset" 215
"../../../../../ouczbs/Survive/Content/PlayerBuildingSystem/Textures/NewBuildParts/PillerStone/T_Piller_Stone_BC_01.uasset" 216
"../../../../../ouczbs/Survive/Content/PlayerBuildingSystem/Textures/NewBuildParts/PillerStone/T_Piller_Stone_N_01.uasset" 217
"../../../../../ouczbs/Survive/Content/PlayerBuildingSystem/Materials/MaterialInstances/MI_Piller_Stone_01.uasset" 218
"../../../../../ouczbs/Survive/Content/PlayerBuildingSystem/Meshes/StaticMeshes/BuildParts/SM_FoundationStairs_Stone_01.uasset" 219
"../../../../../ouczbs/Survive/Content/PlayerBuildingSystem/Meshes/DestructableMeshes/SM_FoundationStairs_Stone_01_DM.uasset" 220
"../../../../../ouczbs/Survive/Content/PlayerBuildingSystem/Textures/NewBuildParts/StairsWood/T_Stairs_Wood_ARM_01.uasset" 221
"../../../../../ouczbs/Survive/Content/PlayerBuildingSystem/Textures/NewBuildParts/StairsWood/T_Stairs_Wood_BC_01.uasset" 222
"../../../../../ouczbs/Survive/Content/PlayerBuildingSystem/Textures/NewBuildParts/StairsWood/T_Stairs_Wood_N_01.uasset" 223
"../../../../../ouczbs/Survive/Content/PlayerBuildingSystem/Materials/MaterialInstances/MI_Stairs_U_Wood_01.uasset" 224
"../../../../../ouczbs/Survive/Content/PlayerBuildingSystem/Meshes/StaticMeshes/BuildParts/SM_FoundationStairs_Wood_01.uasset" 225
"../../../../../ouczbs/Survive/Content/PlayerBuildingSystem/Meshes/DestructableMeshes/SM_FoundationStairs_Wood_01_DM.uasset" 226
"../../../../../ouczbs/Survive/Content/PlayerBuildingSystem/Meshes/StaticMeshes/BuildParts/SM_Piller_Stone_01.uasset" 227
"../../../../../ouczbs/Survive/Content/PlayerBuildingSystem/Meshes/DestructableMeshes/SM_Piller_Stone_01_DM.uasset" 228
"../../../../../ouczbs/Survive/Content/PlayerBuildingSystem/Textures/NewBuildParts/PillerWood/SM_Wood_Piller_1_ARM_2.uasset" 229
"../../../../../ouczbs/Survive/Content/PlayerBuildingSystem/Textures/NewBuildParts/PillerWood/SM_Wood_Piller_1_BC_2.uasset" 230
"../../../../../ouczbs/Survive/Content/PlayerBuildingSystem/Textures/NewBuildParts/PillerWood/SM_Wood_Piller_1_N_2.uasset" 231
"../../../../../ouczbs/Survive/Content/PlayerBuildingSystem/Materials/MaterialInstances/MI_Piller_Wood_01.uasset" 232
"../../../../../ouczbs/Survive/Content/PlayerBuildingSystem/Meshes/StaticMeshes/BuildParts/SM_Piller_Wood_01.uasset" 233
"../../../../../ouczbs/Survive/Content/PlayerBuildingSystem/Meshes/DestructableMeshes/SM_Piller_Wood_01_DM.uasset" 234
"../../../../../ouczbs/Survive/Content/PlayerBuildingSystem/Meshes/StaticMeshes/BuildParts/SM_Piller_Wood_02.uasset" 235
"../../../../../ouczbs/Survive/Content/PlayerBuildingSystem/Meshes/DestructableMeshes/SM_Piller_Wood_02_DM.uasset" 236
"../../../../../ouczbs/Survive/Content/PlayerBuildingSystem/Textures/NewBuildParts/StairsStone/T_Stairs_L_Stone_ARM_01.uasset" 237
"../../../../../ouczbs/Survive/Content/PlayerBuildingSystem/Textures/NewBuildParts/StairsStone/T_Stairs_L_Stone_BC_01.uasset" 238
"../../../../../ouczbs/Survive/Content/PlayerBuildingSystem/Textures/NewBuildParts/StairsStone/T_Stairs_L_Stone_N_01.uasset" 239
"../../../../../ouczbs/Survive/Content/PlayerBuildingSystem/Materials/MaterialInstances/MI_Stairs_Stone_01.uasset" 240
"../../../../../ouczbs/Survive/Content/PlayerBuildingSystem/Meshes/StaticMeshes/BuildParts/SM_Stairs_L_Stone_01.uasset" 241
"../../../../../ouczbs/Survive/Content/PlayerBuildingSystem/Meshes/DestructableMeshes/SM_Stairs_L_Stone_01_DM.uasset" 242
"../../../../../ouczbs/Survive/Content/PlayerBuildingSystem/Textures/NewBuildParts/StairsLWood/T_Stairs_L_Wood_ARM_01.uasset" 243
"../../../../../ouczbs/Survive/Content/PlayerBuildingSystem/Textures/NewBuildParts/StairsLWood/T_Stairs_L_Wood_BC_01.uasset" 244
"../../../../../ouczbs/Survive/Content/PlayerBuildingSystem/Textures/NewBuildParts/StairsLWood/T_Stairs_L_Wood_N_01.uasset" 245
"../../../../../ouczbs/Survive/Content/PlayerBuildingSystem/Materials/MaterialInstances/MI_Stairs_L_Wood_01.uasset" 246
"../../../../../ouczbs/Survive/Content/PlayerBuildingSystem/Meshes/StaticMeshes/BuildParts/SM_Stairs_L_Wood_01.uasset" 247
"../../../../../ouczbs/Survive/Content/PlayerBuildingSystem/Meshes/DestructableMeshes/SM_Stairs_L_Wood_01_DM.uasset" 248
"../../../../../ouczbs/Survive/Content/PlayerBuildingSystem/Meshes/StaticMeshes/BuildParts/SM_Stairs_U_Wood_01.uasset" 249
"../../../../../ouczbs/Survive/Content/PlayerBuildingSystem/Meshes/DestructableMeshes/SM_Stairs_U_Wood_01_DM.uasset" 250
"../../../../../ouczbs/Survive/Content/PlayerBuildingSystem/Textures/NewBuildParts/StairsUStone/T_Stairs_U_Stone_ARM_01.uasset" 251
"../../../../../ouczbs/Survive/Content/PlayerBuildingSystem/Textures/NewBuildParts/StairsUStone/T_Stairs_U_Stone_BC_01.uasset" 252
"../../../../../ouczbs/Survive/Content/PlayerBuildingSystem/Textures/NewBuildParts/StairsUStone/T_Stairs_U_Stone_N_01.uasset" 253
"../../../../../ouczbs/Survive/Content/PlayerBuildingSystem/Materials/MaterialInstances/MI_Stairs_U_Stone_01.uasset" 254
"../../../../../ouczbs/Survive/Content/PlayerBuildingSystem/Meshes/StaticMeshes/BuildParts/SM_Stone_U_Stairs_01.uasset" 255
"../../../../../ouczbs/Survive/Content/PlayerBuildingSystem/Meshes/DestructableMeshes/SM_Stone_U_Stairs_01_DM.uasset" 256
"../../../../../ouczbs/Survive/Content/PlayerBuildingSystem/Textures/NewBuildParts/WallStone/T_Wall_Stone_ARM_01.uasset" 257
"../../../../../ouczbs/Survive/Content/PlayerBuildingSystem/Textures/NewBuildParts/WallStone/T_Wall_Stone_BC_01.uasset" 258
"../../../../../ouczbs/Survive/Content/PlayerBuildingSystem/Textures/NewBuildParts/WallStone/T_Wall_Stone_N_01.uasset" 259
"../../../../../ouczbs/Survive/Content/PlayerBuildingSystem/Materials/MaterialInstances/MI_Wall_Stone_01.uasset" 260
"../../../../../ouczbs/Survive/Content/PlayerBuildingSystem/Meshes/StaticMeshes/BuildParts/SM_Wall_Stone_01.uasset" 261
"../../../../../ouczbs/Survive/Content/PlayerBuildingSystem/Meshes/DestructableMeshes/SM_Wall_Stone_01_DM.uasset" 262
"../../../../../ouczbs/Survive/Content/PlayerBuildingSystem/Textures/NewBuildParts/WallWood/T_Wall_Wood_ARM_01.uasset" 263
"../../../../../ouczbs/Survive/Content/PlayerBuildingSystem/Textures/NewBuildParts/WallWood/T_Wall_Wood_BC_01.uasset" 264
"../../../../../ouczbs/Survive/Content/PlayerBuildingSystem/Textures/NewBuildParts/WallWood/T_Wall_Wood_N_01.uasset" 265
"../../../../../ouczbs/Survive/Content/PlayerBuildingSystem/Materials/MaterialInstances/MI_Wall_Wood_01.uasset" 266
"../../../../../ouczbs/Survive/Content/PlayerBuildingSystem/Meshes/StaticMeshes/BuildParts/SM_Wall_Wood_01.uasset" 267
"../../../../../ouczbs/Survive/Content/PlayerBuildingSystem/Meshes/DestructableMeshes/SM_Wall_Wood_01_DM.uasset" 268
"../../../../../ouczbs/Survive/Content/PlayerBuildingSystem/Textures/NewBuildParts/WallWood/T_Wall_Wood_ARM_02.uasset" 269
"../../../../../ouczbs/Survive/Content/PlayerBuildingSystem/Textures/NewBuildParts/WallWood/T_Wall_Wood_BC_02.uasset" 270
"../../../../../ouczbs/Survive/Content/PlayerBuildingSystem/Textures/NewBuildParts/WallWood/T_Wall_Wood_N_02.uasset" 271
"../../../../../ouczbs/Survive/Content/PlayerBuildingSystem/Materials/MaterialInstances/MI_Wall_Wood_02.uasset" 272
"../../../../../ouczbs/Survive/Content/PlayerBuildingSystem/Meshes/StaticMeshes/BuildParts/SM_Wall_Wood_02.uasset" 273
"../../../../../ouczbs/Survive/Content/PlayerBuildingSystem/Meshes/DestructableMeshes/SM_Wall_Wood_02_DM.uasset" 274
"../../../../../ouczbs/Survive/Content/PlayerBuildingSystem/Meshes/DestructableMeshes/SM_WindowFrame_Stone_01_DM.uasset" 275
"../../../../../ouczbs/Survive/Content/PlayerBuildingSystem/Textures/NewBuildParts/WindowFrameWood/T_WindowFrame_Wood_ARM_01.uasset" 276
"../../../../../ouczbs/Survive/Content/PlayerBuildingSystem/Textures/NewBuildParts/WindowFrameWood/T_WindowFrame_Wood_BC_01.uasset" 277
"../../../../../ouczbs/Survive/Content/PlayerBuildingSystem/Textures/NewBuildParts/WindowFrameWood/T_WindowFrame_Wood_N_01.uasset" 278
"../../../../../ouczbs/Survive/Content/PlayerBuildingSystem/Materials/MaterialInstances/MI_WindowFrame_Wood_01.uasset" 279
"../../../../../ouczbs/Survive/Content/PlayerBuildingSystem/Meshes/StaticMeshes/BuildParts/SM_WindowFrame_Wood_01.uasset" 280
"../../../../../ouczbs/Survive/Content/PlayerBuildingSystem/Meshes/DestructableMeshes/SM_WindowFrame_Wood_01_DM.uasset" 281
"../../../../../ouczbs/Survive/Content/PlayerBuildingSystem/Meshes/StaticMeshes/BuildParts/SM_WindowFrame_Wood_02.uasset" 282
"../../../../../ouczbs/Survive/Content/PlayerBuildingSystem/Meshes/DestructableMeshes/SM_WindowFrame_Wood_02_DM.uasset" 283
"../../../../../ouczbs/Survive/Content/PlayerBuildingSystem/Blueprints/BuildingBlueprints/BuildTypes/BuildPartData.uasset" 284
"../../../../../ouczbs/Survive/Content/PlayerBuildingSystem/Blueprints/BuildingBlueprints/Other/BuildingFunctions.uasset" 285
"../../../../../ouczbs/Survive/Content/PlayerBuildingSystem/Textures/Icons/T_Repair_Icon_UI.uasset" 286
"../../../../../ouczbs/Survive/Content/PlayerBuildingSystem/Textures/Icons/T_Upgrade_Icon_UI.uasset" 287
"../../../../../ouczbs/Survive/Content/PlayerBuildingSystem/Textures/UI/T_120_Selected_UI.uasset" 288
"../../../../../ouczbs/Survive/Content/PlayerBuildingSystem/Blueprints/UI/BuildingOptionsMenu.uasset" 289
"../../../../../ouczbs/Survive/Content/PlayerBuildingSystem/Blueprints/BuildingBlueprints/BuildObjects/BP_MasterBuildPart.uasset" 290
"../../../../../ouczbs/Survive/Content/PlayerBuildingSystem/Materials/M_Disabled.uasset" 291
"../../../../../ouczbs/Survive/Content/PlayerBuildingSystem/Materials/M_Enabled.uasset" 292
"../../../../../ouczbs/Survive/Content/PlayerBuildingSystem/Blueprints/BuildingBlueprints/Other/E_Preview.uasset" 293
"../../../../../ouczbs/Survive/Content/PlayerBuildingSystem/Sounds/S_Build_Sound.uasset" 294
"../../../../../ouczbs/Survive/Content/PlayerBuildingSystem/Blueprints/BuildingBlueprints/BuildTypes/BP_BuildMaster.uasset" 295
"../../../../../ouczbs/Survive/Content/PlayerBuildingSystem/Blueprints/BuildingBlueprints/Other/E_DeleteMode.uasset" 296
"../../../../../ouczbs/Survive/Content/PlayerBuildingSystem/Blueprints/Components/PlayerBuildingComponent.uasset" 297
"../../../../../ouczbs/Survive/Content/PlayerBuildingSystem/Blueprints/BP_BuildingAbility.uasset" 298
"../../../../../ouczbs/Survive/Content/PlayerBuildingSystem/Blueprints/BuildingBlueprints/Other/E_ResourceType.uasset" 299
"../../../../../ouczbs/Survive/Content/PlayerBuildingSystem/Blueprints/BuildingBlueprints/Other/E_SelectedMesh.uasset" 300
"../../../../../ouczbs/Survive/Content/PlayerBuildingSystem/Blueprints/BuildingBlueprints/Other/S_ItemCost.uasset" 301
"../../../../../ouczbs/Survive/Content/PlayerBuildingSystem/Blueprints/BuildingBlueprints/Other/E_BuildMenuType.uasset" 302
"../../../../../ouczbs/Survive/Content/PlayerBuildingSystem/Blueprints/UI/BuildMenuSegment.uasset" 303
"../../../../../ouczbs/Survive/Content/PlayerBuildingSystem/Blueprints/UI/BuildPartHealth.uasset" 304
"../../../../../ouczbs/Survive/Content/PlayerBuildingSystem/Blueprints/UI/HoveredEventWidget.uasset" 305
"../../../../../ouczbs/Survive/Content/PlayerBuildingSystem/Blueprints/UI/MiscMenu.uasset" 306
"../../../../../ouczbs/Survive/Content/PlayerBuildingSystem/Blueprints/UI/NewWidgetBlueprint.uasset" 307
"../../../../../ouczbs/Survive/Content/PlayerBuildingSystem/Materials/M_CubeMaterial.uasset" 308
"../../../../../ouczbs/Survive/Content/PlayerBuildingSystem/Textures/NewBuildParts/Wood/T_Wood_ARM_01.uasset" 309
"../../../../../ouczbs/Survive/Content/PlayerBuildingSystem/Textures/NewBuildParts/Wood/T_Wood_BC_01.uasset" 310
"../../../../../ouczbs/Survive/Content/PlayerBuildingSystem/Textures/NewBuildParts/Wood/T_Wood_N_01.uasset" 311
"../../../../../ouczbs/Survive/Content/PlayerBuildingSystem/Materials/MaterialInstances/MI_Log.uasset" 312
"../../../../../ouczbs/Survive/Content/PlayerBuildingSystem/Meshes/DestructableMeshes/DM_Wood_Door_01.uasset" 313
"../../../../../ouczbs/Survive/Content/PlayerBuildingSystem/Meshes/DestructableMeshes/SM_Window_Door_L_Wood_01_DM.uasset" 314
"../../../../../ouczbs/Survive/Content/PlayerBuildingSystem/Meshes/DestructableMeshes/SM_Window_Door_R_Wood_01_DM.uasset" 315
"../../../../../ouczbs/Survive/Content/PlayerBuildingSystem/Meshes/DestructableMeshes/SM_Window_Frame_Wood_01_DM.uasset" 316
"../../../../../ouczbs/Survive/Content/PlayerBuildingSystem/Textures/Icons/T_All_Icon.uasset" 317
"../../../../../ouczbs/Survive/Content/PlayerBuildingSystem/Textures/Icons/T_Tools_Icon.uasset" 318
"../../../../../ouczbs/Survive/Content/PlayerBuildingSystem/Textures/NewBuildParts/Stone/SM_Stone_Wall_Clean_BC.uasset" 319
"../../../../../ouczbs/Survive/Content/PlayerBuildingSystem/Textures/NewBuildParts/Stone/SM_Stone_Wall_Clean_N.uasset" 320
"../../../../../ouczbs/Survive/Content/PlayerBuildingSystem/Textures/UI/T_90_Selected_UI.uasset" 321
"../../../../../ouczbs/Survive/Content/PlayerBuildingSystem/Textures/UI/T_90_Unselected_UI.uasset" 322
"../../../../../ouczbs/Survive/Content/TouchSystem/Blueprints/UI/UI_Camera.uasset" 323
"../../../../../ouczbs/Survive/Content/TouchSystem/Textures/HUD/VirtualJoystick_Background.uasset" 324
"../../../../../ouczbs/Survive/Content/TouchSystem/Textures/HUD/VirtualJoystick_Thumb.uasset" 325
"../../../../../ouczbs/Survive/Content/TouchSystem/Blueprints/UI/UI_Joystick.uasset" 326
"../../../../../ouczbs/Survive/Content/TouchSystem/Textures/UI/ButtonBag.uasset" 327
"../../../../../ouczbs/Survive/Content/TouchSystem/Textures/UI/ButtonCraft.uasset" 328
"../../../../../ouczbs/Survive/Content/TouchSystem/Textures/UI/ButtonInteraction.uasset" 329
"../../../../../ouczbs/Survive/Content/TouchSystem/Blueprints/UI/UI_TouchWindow.uasset" 330
"../../../Engine/Content/MobileResources/HUD/VirtualJoystick_Background.uasset" 331
"../../../Engine/Content/MobileResources/HUD/VirtualJoystick_Thumb.uasset" 332
"../../../../../ouczbs/Survive/Content/TouchSystem/Textures/HUD/LeftVirtualJoystickOnly.uasset" 333
"../../../../../ouczbs/Survive/Content/TouchSystem/Textures/UI/ButtonBuild.uasset" 334
"../../../../../ouczbs/Survive/Content/TouchSystem/Textures/UI/ButtonCancel.uasset" 335
"../../../../../ouczbs/Survive/Content/TouchSystem/Textures/UI/ButtonDemolish.uasset" 336
"../../../../../ouczbs/Survive/Content/TouchSystem/Textures/UI/ButtonFood.uasset" 337
"../../../../../ouczbs/Survive/Content/TouchSystem/Textures/UI/ButtonInventory.uasset" 338
"../../../../../ouczbs/Survive/Content/TouchSystem/Textures/UI/ButtonRemove.uasset" 339
"../../../../../ouczbs/Survive/Content/TouchSystem/Textures/UI/ButtonTurn.uasset" 340
"../../../../../ouczbs/Survive/Content/TouchSystem/Textures/UI/ButtonWeapon.uasset" 341
"../../../../../ouczbs/Survive/Content/TouchSystem/Textures/UI/ButtonYes.uasset" 342
"../../../../../ouczbs/Survive/Content/TouchSystem/Textures/UI/ButttonInfo.uasset" 343
"../../../../../ouczbs/Survive/Content/TouchSystem/Textures/UI/CraftBackground.uasset" 344
"../../../../../ouczbs/Survive/Content/TouchSystem/Textures/UI/EmptySlot.uasset" 345
"../../../../../ouczbs/Survive/Content/TouchSystem/Textures/UI/Grid.uasset" 346
"../../../../../ouczbs/Survive/Content/TouchSystem/Textures/UI/InfoBackground.uasset" 347
"../../../../../ouczbs/Survive/Content/TouchSystem/Textures/UI/Selection.uasset" 348
"../../../../../ouczbs/Survive/Content/TouchSystem/Textures/UI/Slot.uasset" 349
"../../../../../ouczbs/Survive/Content/TouchSystem/Textures/UI/Tab.uasset" 350
"../../../Engine/Content/Animation/DefaultAnimCurveCompressionSettings.uasset" 351
"../../../Engine/Content/ArtTools/RenderToTexture/Meshes/S_1_Unit_Plane.uasset" 352
"../../../Engine/Content/EngineMaterials/DefaultMaterial.uasset" 353
"../../../Engine/Content/BasicShapes/Cone.uasset" 354
"../../../Engine/Content/BasicShapes/Cube.uasset" 355
"../../../Engine/Content/BasicShapes/Cylinder.uasset" 356
"../../../Engine/Content/BasicShapes/Plane.uasset" 357
"../../../Engine/Content/EditorLandscapeResources/DataLayer.uasset" 358
"../../../Engine/Content/EditorMaterials/MAT_Groups_Toggle.uasset" 359
"../../../Engine/Content/EditorMaterials/MAT_Groups_Visibility.uasset" 360
"../../../Engine/Content/EditorMaterials/PreviewShadowIndicator.uasset" 361
"../../../Engine/Content/EditorMaterials/PreviewShadowIndicatorMaterial.uasset" 362
"../../../Engine/Content/EditorMaterials/MatineeGroups/MAT_ColorTrack.uasset" 363
"../../../Engine/Content/EditorMaterials/MatineeGroups/MAT_Groups_Anim.uasset" 364
"../../../Engine/Content/EditorMaterials/MatineeGroups/MAT_Groups_AudioMaster.uasset" 365
"../../../Engine/Content/EditorMaterials/MatineeGroups/MAT_Groups_Director.uasset" 366
"../../../Engine/Content/EditorMaterials/MatineeGroups/MAT_Groups_Event.uasset" 367
"../../../Engine/Content/EditorMaterials/MatineeGroups/MAT_Groups_Fade.uasset" 368
"../../../Engine/Content/EditorMaterials/MatineeGroups/MAT_Groups_Float.uasset" 369
"../../../Engine/Content/EditorMaterials/MatineeGroups/MAT_Groups_Move.uasset" 370
"../../../Engine/Content/EditorMaterials/MatineeGroups/MAT_Groups_Slomo.uasset" 371
"../../../Engine/Content/EditorMaterials/MatineeGroups/MAT_Groups_Sound.uasset" 372
"../../../Engine/Content/EditorMaterials/MatineeGroups/MAT_Groups_Vector.uasset" 373
"../../../Engine/Content/EditorMaterials/ParticleSystems/PSysThumbnail_NoImage.uasset" 374
"../../../Engine/Content/EditorMaterials/ParticleSystems/PSysThumbnail_OOD.uasset" 375
"../../../Engine/Content/EditorMaterials/Camera/CineMat.uasset" 376
"../../../Engine/Content/EditorMaterials/Camera/MI_CineMat_Rig.uasset" 377
"../../../Engine/Content/EditorMeshes/Camera/SM_CraneRig_Arm.uasset" 378
"../../../Engine/Content/EditorMeshes/Camera/SM_CraneRig_Base.uasset" 379
"../../../Engine/Content/EditorMeshes/Camera/SM_CraneRig_Body.uasset" 380
"../../../Engine/Content/EditorMeshes/Camera/SM_CraneRig_Mount.uasset" 381
"../../../Engine/Content/EditorMeshes/Camera/SM_RailRig_Mount.uasset" 382
"../../../Engine/Content/EditorMeshes/Camera/SM_RailRig_Track.uasset" 383
"../../../Engine/Content/EditorResources/BSPVertex.uasset" 384
"../../../Engine/Content/EditorResources/EmptyActor.uasset" 385
"../../../Engine/Content/EditorResources/S_Actor.uasset" 386
"../../../Engine/Content/EditorResources/S_Note.uasset" 387
"../../../Engine/Content/EditorResources/S_Solver.uasset" 388
"../../../Engine/Content/EditorResources/S_Trigger.uasset" 389
"../../../Engine/Content/EditorResources/AudioIcons/S_AudioComponent_AutoActivate.uasset" 390
"../../../Engine/Content/EditorResources/LightIcons/S_LightError.uasset" 391
"../../../Engine/Content/EditorResources/SequenceRecorder/Countdown.uasset" 392
"../../../Engine/Content/EditorResources/SequenceRecorder/RecordingIndicator.uasset" 393
"../../../Engine/Content/EditorSounds/Notifications/CompileFailed.uasset" 394
"../../../Engine/Content/EditorSounds/Notifications/CompileFailed_Cue.uasset" 395
"../../../Engine/Content/EditorSounds/Notifications/CompileSuccess.uasset" 396
"../../../Engine/Content/EditorSounds/Notifications/CompileStart_Cue.uasset" 397
"../../../Engine/Content/EditorSounds/Notifications/CompileSuccess_Cue.uasset" 398
"../../../Engine/Content/EngineDamageTypes/DmgTypeBP_Environmental.uasset" 399
"../../../Engine/Content/EngineDebugMaterials/DebugEditorMaterial.uasset" 400
"../../../Engine/Content/EngineDebugMaterials/DebugMeshMaterial.uasset" 401
"../../../Engine/Content/EngineDebugMaterials/M_SimpleUnlitTranslucent.uasset" 402
"../../../Engine/Content/Functions/Engine_MaterialFunctions02/Utility/CameraDirectionVector.uasset" 403
"../../../Engine/Content/EngineDebugMaterials/VolumeToRender.uasset" 404
"../../../Engine/Content/EngineDebugMaterials/M_VolumeRenderSphereTracePP.uasset" 405
"../../../Engine/Content/EngineDebugMaterials/WireframeMaterial.uasset" 406
"../../../Engine/Content/EngineFonts/Faces/DroidSansFallback.uasset" 407
"../../../Engine/Content/EngineFonts/Faces/RobotoBold.uasset" 408
"../../../Engine/Content/EngineFonts/Faces/RobotoBoldItalic.uasset" 409
"../../../Engine/Content/EngineFonts/Faces/RobotoItalic.uasset" 410
"../../../Engine/Content/EngineFonts/Faces/RobotoLight.uasset" 411
"../../../Engine/Content/EngineFonts/Faces/RobotoRegular.uasset" 412
"../../../Engine/Content/EngineFonts/Roboto.uasset" 413
"../../../Engine/Content/EngineMaterials/BaseFlattenDiffuseMap.uasset" 414
"../../../Engine/Content/EngineMaterials/BaseFlattenEmissiveMap.uasset" 415
"../../../Engine/Content/EngineMaterials/BaseFlattenGrayscaleMap.uasset" 416
"../../../Engine/Content/EngineMaterials/BaseFlattenNormalMap.uasset" 417
"../../../Engine/Content/EngineMaterials/BaseFlattenMaterial.uasset" 418
"../../../Engine/Content/EngineMaterials/BlueNoise.uasset" 419
"../../../Engine/Content/EngineMaterials/DefaultBloomKernel.uasset" 420
"../../../Engine/Content/EngineMaterials/DefaultBokeh.uasset" 421
"../../../Engine/Content/EngineMaterials/DefaultDeferredDecalMaterial.uasset" 422
"../../../Engine/Content/EngineMaterials/DefaultLightFunctionMaterial.uasset" 423
"../../../Engine/Content/Functions/Engine_MaterialFunctions02/Utility/BreakOutFloat2Components.uasset" 424
"../../../Engine/Content/EngineMaterials/DefaultPostProcessMaterial.uasset" 425
"../../../Engine/Content/EngineFonts/RobotoDistanceField.uasset" 426
"../../../Engine/Content/EngineMaterials/DefaultTextMaterialOpaque.uasset" 427
"../../../Engine/Content/EngineMaterials/DefaultWhiteGrid.uasset" 428
"../../../Engine/Content/EngineMaterials/DefaultWhiteGrid_Low.uasset" 429
"../../../Engine/Content/EngineMaterials/EmissiveMeshMaterial.uasset" 430
"../../../Engine/Content/EngineMaterials/GizmoMaterial.uasset" 431
"../../../Engine/Content/EngineMaterials/Good64x64TilingNoiseHighFreq.uasset" 432
"../../../Engine/Content/EngineMaterials/MiniFont.uasset" 433
"../../../Engine/Content/EngineMaterials/InvalidLightmapSettings.uasset" 434
"../../../Engine/Content/EngineMaterials/M_InvalidLightmapSettings.uasset" 435
"../../../Engine/Content/Functions/Engine_MaterialFunctions02/WorldPositionOffset/CameraOffset.uasset" 436
"../../../Engine/Content/EngineMaterials/PhAT_JointLimitMaterial.uasset" 437
"../../../Engine/Content/EngineMaterials/PreintegratedSkinBRDF.uasset" 438
"../../../Engine/Content/EngineMaterials/RemoveSurfaceMaterial.uasset" 439
"../../../Engine/Content/EngineMaterials/WeightMapPlaceholderTexture.uasset" 440
"../../../Engine/Content/EngineResources/WhiteSquareTexture.uasset" 441
"../../../Engine/Content/EngineMaterials/Widget3DPassThrough.uasset" 442
"../../../Engine/Content/EngineMaterials/Widget3DPassThrough_Masked.uasset" 443
"../../../Engine/Content/EngineMaterials/Widget3DPassThrough_Opaque.uasset" 444
"../../../Engine/Content/EngineMaterials/Widget3DPassThrough_Masked_OneSided.uasset" 445
"../../../Engine/Content/EngineMaterials/Widget3DPassThrough_Opaque_OneSided.uasset" 446
"../../../Engine/Content/EngineMaterials/Widget3DPassThrough_Translucent.uasset" 447
"../../../Engine/Content/EngineMaterials/Widget3DPassThrough_Translucent_OneSided.uasset" 448
"../../../Engine/Content/EngineMeshes/Cylinder.uasset" 449
"../../../Engine/Content/EngineMeshes/Sphere.uasset" 450
"../../../Engine/Content/EngineResources/Black.uasset" 451
"../../../Engine/Content/EngineResources/DefaultTexture.uasset" 452
"../../../Engine/Content/EngineResources/DefaultTextureCube.uasset" 453
"../../../Engine/Content/EngineResources/DefaultVolumeTexture2D.uasset" 454
"../../../Engine/Content/EngineResources/DefaultVolumeTexture.uasset" 455
"../../../Engine/Content/EngineResources/GradientTexture0.uasset" 456
"../../../Engine/Content/EngineSounds/Master.uasset" 457
"../../../Engine/Content/Maps/Templates/Thumbnails/Default.uasset" 458
"../../../Engine/Content/Maps/Templates/Thumbnails/TimeOfDay.uasset" 459
"../../../Engine/Content/Maps/Templates/Thumbnails/VR-Basic.uasset" 460
"../../../Engine/Content/MobileResources/T_MobileControls_texture.uasset" 461
"../../../Engine/Content/MobileResources/T_MobileMenu2.uasset" 462
"../../../Engine/Content/MobileResources/HUD/AnalogHat.uasset" 463
"../../../Engine/Content/MobileResources/HUD/DefaultVirtualJoysticks.uasset" 464
"../../../Engine/Content/MobileResources/HUD/LeftVirtualJoystickOnly.uasset" 465
"../../../Engine/Content/MobileResources/HUD/MobileHUDButton1_off.uasset" 466
"../../../Engine/Content/MobileResources/HUD/MobileHUDButton1_on.uasset" 467
"../../../Engine/Content/MobileResources/HUD/MobileHUDButton2_off.uasset" 468
"../../../Engine/Content/MobileResources/HUD/MobileHUDButton2_on.uasset" 469
"../../../Engine/Content/MobileResources/HUD/MobileHUDButton3.uasset" 470
"../../../Engine/Content/MobileResources/HUD/MobileHUDButtonFire.uasset" 471
"../../../Engine/Content/MobileResources/HUD/MobileHUDDirectionPad.uasset" 472
"../../../Engine/Content/MobileResources/HUD/MobileHUDDirectionPad2.uasset" 473
"../../../Engine/Content/MobileResources/HUD/MobileHUDDirectionPad3.uasset" 474
"../../../Engine/Content/MobileResources/HUD/MobileHUDDirectionStick.uasset" 475
"../../../Engine/Content/MobileResources/HUD/T_Castle_ThumbstickInner.uasset" 476
"../../../Engine/Content/MobileResources/HUD/T_Castle_ThumbstickOutter.uasset" 477
"../../../Engine/Content/Tutorial/ContentIntroCurve.uasset" 478
"../../../Engine/Content/Tutorial/Basics/LevelEditorAttract.uasset" 479
"../../../Engine/Content/VREditor/LaserPointer/VR_LaserPower_01.uasset" 480
"../../../Engine/Content/VREditor/TransformGizmo/TransformGizmoMaterial.uasset" 481
"../../../Engine/Content/VREditor/TransformGizmo/TranslucentTransformGizmoMaterial.uasset" 482
"../../../Engine/Content/VREditor/TransformGizmo/BoundingBoxCorner.uasset" 483
"../../../Engine/Content/VREditor/TransformGizmo/BoundingBoxEdge.uasset" 484
"../../../Engine/Content/VREditor/TransformGizmo/PlaneTranslationHandle.uasset" 485
"../../../Engine/Content/VREditor/TransformGizmo/Main.uasset" 486
"../../../Engine/Content/VREditor/TransformGizmo/Xray.uasset" 487
"../../../Engine/Content/VREditor/TransformGizmo/SM_Sequencer_Key.uasset" 488
"../../../Engine/Content/VREditor/TransformGizmo/SM_Sequencer_Node.uasset" 489
"../../Plugins/2D/Paper2D/Content/PlaceholderTextures/DummySpriteTexture.uasset" 490
"../../Plugins/2D/Paper2D/Content/DummySprite.uasset" 491
"../../Plugins/2D/Paper2D/Content/DefaultPaperTerrainMaterial.uasset" 492
"../../Plugins/2D/Paper2D/Content/DefaultSpriteMaterial.uasset" 493
"../../Plugins/2D/Paper2D/Content/MaskedUnlitSpriteMaterial.uasset" 494
"../../Plugins/2D/Paper2D/Content/OpaqueUnlitSpriteMaterial.uasset" 495
"../../Plugins/FX/Niagara/Content/Enums/ENiagaraBooleanLogicOps.uasset" 496
"../../Plugins/FX/Niagara/Content/Enums/ENiagaraCoordinateSpace.uasset" 497
"../../Plugins/FX/Niagara/Content/Enums/ENiagaraExpansionMode.uasset" 498
"../../Plugins/FX/Niagara/Content/Enums/ENiagaraOrientationAxis.uasset" 499
"../../Plugins/FX/Niagara/Content/Enums/ENiagaraRandomnessMode.uasset" 500
"../../../Engine/Content/Functions/Engine_MaterialFunctions02/Utility/BreakOutFloat4Components.uasset" 501
"../../../Engine/Content/Functions/Engine_MaterialFunctions02/Utility/MakeFloat2.uasset" 502
"../../Plugins/Runtime/Oculus/OculusVR/Content/Materials/OculusMR_ChromaKey.uasset" 503
"../../Plugins/Runtime/Oculus/OculusVR/Content/Materials/OculusMR_ChromaKey_Lit.uasset" 504
"../../Plugins/Runtime/Oculus/OculusVR/Content/Materials/OculusMR_OpaqueColoredMaterial.uasset" 505
"../../Plugins/Runtime/Oculus/OculusVR/Content/Materials/OculusMR_WhiteMaterial.uasset" 506
"../../../../../ouczbs/Survive/Content/Maps/Main.umap" 507
"../../../Engine/Content/EngineSky/C_Sky_Cloud_Color.uasset" 508
"../../../Engine/Content/EngineSky/C_Sky_Horizon_Color.uasset" 509
"../../../Engine/Content/EngineSky/C_Sky_Zenith_Color.uasset" 510
"../../../Engine/Content/EngineSky/T_Sky_Blue.uasset" 511
"../../../Engine/Content/EngineSky/T_Sky_Clouds_M.uasset" 512
"../../../Engine/Content/EngineSky/T_Sky_Stars.uasset" 513
"../../../Engine/Content/EngineSky/M_Sky_Panning_Clouds2.uasset" 514
"../../../Engine/Content/EngineSky/SM_SkySphere.uasset" 515
"../../../Engine/Content/EngineSky/BP_Sky_Sphere.uasset" 516
"../../../../../ouczbs/Survive/Content/AdvancedLocomotionV4/Data/Structs/ALS_ComponentAndTransform.uasset" 517
"../../../../../ouczbs/Survive/Content/AdvancedLocomotionV4/Blueprints/Libraries/ALS_MacroLibrary.uasset" 518
"../../../../../ouczbs/Survive/Content/AdvancedLocomotionV4/Blueprints/CharacterLogic/AI/ALS_BB_AICharacter.uasset" 519
"../../../../../ouczbs/Survive/Content/AdvancedLocomotionV4/Blueprints/CharacterLogic/AI/ALS_BTTask_GetRandomLocation.uasset" 520
"../../../../../ouczbs/Survive/Content/AdvancedLocomotionV4/Blueprints/CharacterLogic/AI/ALS_BTTask_SetFocus.uasset" 521
"../../../../../ouczbs/Survive/Content/AdvancedLocomotionV4/Blueprints/CharacterLogic/AI/ALS_BT_AICharacter.uasset" 522
"../../../../../ouczbs/Survive/Content/AdvancedLocomotionV4/Blueprints/CharacterLogic/AI/ALS_AI_Controller.uasset" 523
"../../../../../ouczbs/Survive/Content/AdvancedLocomotionV4/Data/Enums/GroundedEntryState.uasset" 524
"../../../../../ouczbs/Survive/Content/AdvancedLocomotionV4/Blueprints/Interfaces/ALS_Animation_BPI.uasset" 525
"../../../../../ouczbs/Survive/Content/AdvancedLocomotionV4/Blueprints/Interfaces/ALS_Camera_BPI.uasset" 526
"../../../../../ouczbs/Survive/Content/AdvancedLocomotionV4/Data/Enums/ALS_Gait.uasset" 527
"../../../../../ouczbs/Survive/Content/AdvancedLocomotionV4/Data/Enums/ALS_MovementAction.uasset" 528
"../../../../../ouczbs/Survive/Content/AdvancedLocomotionV4/Data/Enums/ALS_MovementState.uasset" 529
"../../../../../ouczbs/Survive/Content/AdvancedLocomotionV4/Data/Enums/ALS_OverlayState.uasset" 530
"../../../../../ouczbs/Survive/Content/AdvancedLocomotionV4/Data/Enums/ALS_RotationMode.uasset" 531
"../../../../../ouczbs/Survive/Content/AdvancedLocomotionV4/Data/Enums/ALS_Stance.uasset" 532
"../../../../../ouczbs/Survive/Content/AdvancedLocomotionV4/Data/Enums/ALS_ViewMode.uasset" 533
"../../../../../ouczbs/Survive/Content/AdvancedLocomotionV4/Blueprints/Interfaces/ALS_Character_BPI.uasset" 534
"../../../../../ouczbs/Survive/Content/AdvancedLocomotionV4/Blueprints/Interfaces/ALS_Controller_BPI.uasset" 535
"../../../../../ouczbs/Survive/Content/AdvancedLocomotionV4/Data/Curves/CharacterMovementCurves/NormalMovement.uasset" 536
"../../../../../ouczbs/Survive/Content/AdvancedLocomotionV4/Data/Curves/MantleCurves/Mantle_1m.uasset" 537
"../../../../../ouczbs/Survive/Content/AdvancedLocomotionV4/Data/Curves/MantleCurves/Mantle_2m.uasset" 538
"../../../../../ouczbs/Survive/Content/AdvancedLocomotionV4/Data/Curves/CharacterMovementCurves/NormalRotation.uasset" 539
"../../../../../ouczbs/Survive/Content/AdvancedLocomotionV4/Data/Curves/CharacterMovementCurves/ResponsiveRotation.uasset" 540
"../../../../../ouczbs/Survive/Content/AdvancedLocomotionV4/Data/Curves/CharacterMovementCurves/SluggishRotation.uasset" 541
"../../../../../ouczbs/Survive/Content/AdvancedLocomotionV4/Data/Curves/CharacterMovementCurves/ResponsiveMovement.uasset" 542
"../../../../../ouczbs/Survive/Content/AdvancedLocomotionV4/Data/Curves/CharacterMovementCurves/SluggishMovement.uasset" 543
"../../../../../ouczbs/Survive/Content/AdvancedLocomotionV4/Data/Structs/MovementSettings.uasset" 544
"../../../../../ouczbs/Survive/Content/AdvancedLocomotionV4/Data/Structs/MovementSettings_Stance.uasset" 545
"../../../../../ouczbs/Survive/Content/AdvancedLocomotionV4/Data/Structs/MovementSettings_State.uasset" 546
"../../../../../ouczbs/Survive/Content/AdvancedLocomotionV4/Data/DataTables/MovementModelTable.uasset" 547
"../../../../../ouczbs/Survive/Content/AdvancedLocomotionV4/CharacterAssets/MannequinSkeleton/Materials/M_AnimMan_Default.uasset" 548
"../../../../../ouczbs/Survive/Content/AdvancedLocomotionV4/CharacterAssets/MannequinSkeleton/Materials/M_AnimMan_Eyes.uasset" 549
"../../../../../ouczbs/Survive/Content/AdvancedLocomotionV4/CharacterAssets/MannequinSkeleton/Meshes/Proxy.uasset" 550
"../../../../../ouczbs/Survive/Content/AdvancedLocomotionV4/Data/Enums/MantleType.uasset" 551
"../../../../../ouczbs/Survive/Content/AdvancedLocomotionV4/Data/Structs/Mantle_Asset.uasset" 552
"../../../../../ouczbs/Survive/Content/AdvancedLocomotionV4/Data/Structs/Mantle_Params.uasset" 553
"../../../../../ouczbs/Survive/Content/AdvancedLocomotionV4/Data/Structs/Mantle_TraceSettings.uasset" 554
"../../../../../ouczbs/Survive/Content/AdvancedLocomotionV4/Blueprints/CharacterLogic/ALS_Base_CharacterBP.uasset" 555
"../../../../../ouczbs/Survive/Content/AdvancedLocomotionV4/Blueprints/AnimNotifys/CameraShake_Notify.uasset" 556
"../../../../../ouczbs/Survive/Content/AdvancedLocomotionV4/Blueprints/AnimNotifys/GroundedEntryState_AnimNotify.uasset" 557
"../../../../../ouczbs/Survive/Content/AdvancedLocomotionV4/Blueprints/Misc/Sprint_CameraShake.uasset" 558
"../../../../../ouczbs/Survive/Content/AdvancedLocomotionV4/CharacterAssets/MannequinSkeleton/AnimationExamples/Actions/ALS_N_LandRoll_F.uasset" 559
"../../../../../ouczbs/Survive/Content/AdvancedLocomotionV4/CharacterAssets/MannequinSkeleton/AnimationExamples/AimOffsets/ALS_N_Look_F_Sweep.uasset" 560
"../../../../../ouczbs/Survive/Content/AdvancedLocomotionV4/CharacterAssets/MannequinSkeleton/AnimationExamples/Base/BasePoses/ALS_CLF_Pose.uasset" 561
"../../../../../ouczbs/Survive/Content/AdvancedLocomotionV4/CharacterAssets/MannequinSkeleton/AnimationExamples/Base/InAir/ALS_Flail.uasset" 562
"../../../../../ouczbs/Survive/Content/AdvancedLocomotionV4/CharacterAssets/MannequinSkeleton/AnimationExamples/Base/InAir/ALS_N_FallLoop.uasset" 563
"../../../../../ouczbs/Survive/Content/AdvancedLocomotionV4/CharacterAssets/MannequinSkeleton/AnimationExamples/Base/InAir/ALS_N_FallLoop_Fast.uasset" 564
"../../../../../ouczbs/Survive/Content/AdvancedLocomotionV4/CharacterAssets/MannequinSkeleton/AnimationExamples/Base/InAir/ALS_N_JumpLoop.uasset" 565
"../../../../../ouczbs/Survive/Content/AdvancedLocomotionV4/Audio/Footsteps/Concrete_Walk_05.uasset" 566
"../../../../../ouczbs/Survive/Content/AdvancedLocomotionV4/Audio/Footsteps/Footstep_Cue.uasset" 567
"../../../../../ouczbs/Survive/Content/AdvancedLocomotionV4/Data/Enums/FootstepType.uasset" 568
"../../../../../ouczbs/Survive/Content/AdvancedLocomotionV4/Blueprints/AnimNotifys/Footstep_AnimNotify.uasset" 569
"../../../../../ouczbs/Survive/Content/AdvancedLocomotionV4/CharacterAssets/MannequinSkeleton/AnimationExamples/Base/InAir/ALS_N_JumpRun_LF.uasset" 570
"../../../../../ouczbs/Survive/Content/AdvancedLocomotionV4/CharacterAssets/MannequinSkeleton/AnimationExamples/Base/InAir/ALS_N_JumpRun_RF.uasset" 571
"../../../../../ouczbs/Survive/Content/AdvancedLocomotionV4/CharacterAssets/MannequinSkeleton/AnimationExamples/Base/InAir/ALS_N_JumpWalk_LF.uasset" 572
"../../../Engine/Content/Animation/DefaultAnimBoneCompressionSettings.uasset" 573
"../../../../../ouczbs/Survive/Content/AdvancedLocomotionV4/CharacterAssets/MannequinSkeleton/AnimationExamples/Base/InAir/ALS_N_JumpWalk_RF.uasset" 574
"../../../../../ouczbs/Survive/Content/AdvancedLocomotionV4/CharacterAssets/MannequinSkeleton/AnimationExamples/Base/InAir/ALS_N_Land_Heavy.uasset" 575
"../../../../../ouczbs/Survive/Content/AdvancedLocomotionV4/CharacterAssets/MannequinSkeleton/AnimationExamples/Base/InAir/ALS_N_Land_Heavy_Additive.uasset" 576
"../../../../../ouczbs/Survive/Content/AdvancedLocomotionV4/CharacterAssets/MannequinSkeleton/AnimationExamples/Base/InAir/ALS_N_Land_Light.uasset" 577
"../../../../../ouczbs/Survive/Content/AdvancedLocomotionV4/CharacterAssets/MannequinSkeleton/AnimationExamples/Base/InAir/ALS_N_Land_Light_Additive.uasset" 578
"../../../../../ouczbs/Survive/Content/AdvancedLocomotionV4/CharacterAssets/MannequinSkeleton/AnimationExamples/Base/Locomotion/ALS_CLF_Walk_B.uasset" 579
"../../../../../ouczbs/Survive/Content/AdvancedLocomotionV4/CharacterAssets/MannequinSkeleton/AnimationExamples/Base/Locomotion/ALS_CLF_Walk_F.uasset" 580
"../../../../../ouczbs/Survive/Content/AdvancedLocomotionV4/CharacterAssets/MannequinSkeleton/AnimationExamples/Base/Locomotion/ALS_CLF_Walk_L.uasset" 581
"../../../../../ouczbs/Survive/Content/AdvancedLocomotionV4/CharacterAssets/MannequinSkeleton/AnimationExamples/Base/Locomotion/ALS_CLF_Walk_R.uasset" 582
"../../../../../ouczbs/Survive/Content/AdvancedLocomotionV4/CharacterAssets/MannequinSkeleton/AnimationExamples/Base/Locomotion/ALS_CLF_WalkPose.uasset" 583
"../../../../../ouczbs/Survive/Content/AdvancedLocomotionV4/CharacterAssets/MannequinSkeleton/AnimationExamples/Base/Locomotion/ALS_CRF_Walk_L.uasset" 584
"../../../../../ouczbs/Survive/Content/AdvancedLocomotionV4/CharacterAssets/MannequinSkeleton/AnimationExamples/Base/Locomotion/ALS_CRF_Walk_R.uasset" 585
"../../../../../ouczbs/Survive/Content/AdvancedLocomotionV4/CharacterAssets/MannequinSkeleton/AnimationExamples/Base/Locomotion/ALS_N_Sprint_F.uasset" 586
"../../../../../ouczbs/Survive/Content/AdvancedLocomotionV4/CharacterAssets/MannequinSkeleton/AnimationExamples/Base/Locomotion/ALS_N_Sprint_F_Impulse.uasset" 587
"../../../../../ouczbs/Survive/Content/AdvancedLocomotionV4/CharacterAssets/MannequinSkeleton/AnimationExamples/Base/Locomotion/ALS_N_Walk_B.uasset" 588
"../../../../../ouczbs/Survive/Content/AdvancedLocomotionV4/CharacterAssets/MannequinSkeleton/AnimationExamples/Base/Locomotion/ALS_N_Walk_F.uasset" 589
"../../../../../ouczbs/Survive/Content/AdvancedLocomotionV4/CharacterAssets/MannequinSkeleton/AnimationExamples/Base/Locomotion/ALS_N_Walk_LB.uasset" 590
"../../../../../ouczbs/Survive/Content/AdvancedLocomotionV4/CharacterAssets/MannequinSkeleton/AnimationExamples/Base/Locomotion/ALS_N_Walk_LF.uasset" 591
"../../../../../ouczbs/Survive/Content/AdvancedLocomotionV4/CharacterAssets/MannequinSkeleton/AnimationExamples/Base/Locomotion/ALS_N_Walk_RB.uasset" 592
"../../../../../ouczbs/Survive/Content/AdvancedLocomotionV4/CharacterAssets/MannequinSkeleton/AnimationExamples/Base/Locomotion/ALS_N_Walk_RF.uasset" 593
"../../../../../ouczbs/Survive/Content/AdvancedLocomotionV4/CharacterAssets/MannequinSkeleton/AnimationExamples/Base/Locomotion/Detail/ALS_N_Run_BasePose.uasset" 594
"../../../../../ouczbs/Survive/Content/AdvancedLocomotionV4/CharacterAssets/MannequinSkeleton/AnimationExamples/Base/Locomotion/Detail/ALS_N_LocoDetail_Accel_B.uasset" 595
"../../../../../ouczbs/Survive/Content/AdvancedLocomotionV4/CharacterAssets/MannequinSkeleton/AnimationExamples/Base/Locomotion/Detail/ALS_N_LocoDetail_Accel_F.uasset" 596
"../../../../../ouczbs/Survive/Content/AdvancedLocomotionV4/CharacterAssets/MannequinSkeleton/AnimationExamples/Base/Locomotion/Detail/ALS_N_LocoDetail_Accel_L.uasset" 597
"../../../../../ouczbs/Survive/Content/AdvancedLocomotionV4/CharacterAssets/MannequinSkeleton/AnimationExamples/Base/Locomotion/Detail/ALS_N_LocoDetail_Accel_R.uasset" 598
"../../../../../ouczbs/Survive/Content/AdvancedLocomotionV4/CharacterAssets/MannequinSkeleton/AnimationExamples/Base/Transitions/ALS_CLF_to_N.uasset" 599
"../../../../../ouczbs/Survive/Content/AdvancedLocomotionV4/CharacterAssets/MannequinSkeleton/AnimationExamples/Base/Transitions/ALS_N_Stop_L_Down.uasset" 600
"../../../../../ouczbs/Survive/Content/AdvancedLocomotionV4/CharacterAssets/MannequinSkeleton/AnimationExamples/Base/Transitions/ALS_N_Stop_R_Down.uasset" 601
"../../../../../ouczbs/Survive/Content/AdvancedLocomotionV4/CharacterAssets/MannequinSkeleton/AnimationExamples/Base/Transitions/ALS_N_to_CLF.uasset" 602
"../../../../../ouczbs/Survive/Content/AdvancedLocomotionV4/CharacterAssets/MannequinSkeleton/AnimationExamples/Base/Transitions/ALS_N_Transition_L.uasset" 603
"../../../../../ouczbs/Survive/Content/AdvancedLocomotionV4/CharacterAssets/MannequinSkeleton/AnimationExamples/Base/Transitions/ALS_N_Transition_R.uasset" 604
"../../../../../ouczbs/Survive/Content/AdvancedLocomotionV4/Blueprints/AnimModifiers/Calculate_RotationAmount.uasset" 605
"../../../../../ouczbs/Survive/Content/AdvancedLocomotionV4/CharacterAssets/MannequinSkeleton/AnimationExamples/Base/TurnInPlace/ALS_CLF_Rotate_L90.uasset" 606
"../../../../../ouczbs/Survive/Content/AdvancedLocomotionV4/CharacterAssets/MannequinSkeleton/AnimationExamples/Base/TurnInPlace/ALS_CLF_Rotate_R90.uasset" 607
"../../../../../ouczbs/Survive/Content/AdvancedLocomotionV4/CharacterAssets/MannequinSkeleton/AnimationExamples/Base/TurnInPlace/ALS_CLF_TurnIP_L180.uasset" 608
"../../../../../ouczbs/Survive/Content/AdvancedLocomotionV4/CharacterAssets/MannequinSkeleton/AnimationExamples/Base/TurnInPlace/ALS_CLF_TurnIP_L90.uasset" 609
"../../../../../ouczbs/Survive/Content/AdvancedLocomotionV4/CharacterAssets/MannequinSkeleton/AnimationExamples/Base/TurnInPlace/ALS_CLF_TurnIP_R180.uasset" 610
"../../../../../ouczbs/Survive/Content/AdvancedLocomotionV4/CharacterAssets/MannequinSkeleton/AnimationExamples/Base/TurnInPlace/ALS_CLF_TurnIP_R90.uasset" 611
"../../../../../ouczbs/Survive/Content/AdvancedLocomotionV4/CharacterAssets/MannequinSkeleton/AnimationExamples/Base/TurnInPlace/ALS_N_Rotate_L90.uasset" 612
"../../../../../ouczbs/Survive/Content/AdvancedLocomotionV4/CharacterAssets/MannequinSkeleton/AnimationExamples/Base/TurnInPlace/ALS_N_Rotate_R90.uasset" 613
"../../../../../ouczbs/Survive/Content/AdvancedLocomotionV4/CharacterAssets/MannequinSkeleton/AnimationExamples/Base/TurnInPlace/ALS_N_TurnIP_L180.uasset" 614
"../../../../../ouczbs/Survive/Content/AdvancedLocomotionV4/CharacterAssets/MannequinSkeleton/AnimationExamples/Base/TurnInPlace/ALS_N_TurnIP_L90.uasset" 615
"../../../../../ouczbs/Survive/Content/AdvancedLocomotionV4/CharacterAssets/MannequinSkeleton/AnimationExamples/Base/TurnInPlace/ALS_N_TurnIP_R180.uasset" 616
"../../../../../ouczbs/Survive/Content/AdvancedLocomotionV4/CharacterAssets/MannequinSkeleton/AnimationExamples/Base/TurnInPlace/ALS_N_TurnIP_R90.uasset" 617
"../../../../../ouczbs/Survive/Content/AdvancedLocomotionV4/CharacterAssets/MannequinSkeleton/AnimationExamples/Overlay/Barrel/ALS_Props_Barrel_Poses.uasset" 618
"../../../../../ouczbs/Survive/Content/AdvancedLocomotionV4/CharacterAssets/MannequinSkeleton/AnimationExamples/Overlay/Binoculars/ALS_Props_Binoculars_Poses_NoCurves.uasset" 619
"../../../../../ouczbs/Survive/Content/AdvancedLocomotionV4/CharacterAssets/MannequinSkeleton/AnimationExamples/Overlay/Binoculars/ALS_Props_Binoculars_Aim_Sweep.uasset" 620
"../../../../../ouczbs/Survive/Content/AdvancedLocomotionV4/CharacterAssets/MannequinSkeleton/AnimationExamples/Overlay/Binoculars/ALS_Props_Binoculars_Aim_Sweep_Crouched.uasset" 621
"../../../../../ouczbs/Survive/Content/AdvancedLocomotionV4/CharacterAssets/MannequinSkeleton/AnimationExamples/Overlay/Binoculars/ALS_Props_Binoculars_Poses.uasset" 622
"../../../../../ouczbs/Survive/Content/AdvancedLocomotionV4/CharacterAssets/MannequinSkeleton/AnimationExamples/Overlay/Bow/ALS_Props_Bow_Poses_NoCurves.uasset" 623
"../../../../../ouczbs/Survive/Content/AdvancedLocomotionV4/CharacterAssets/MannequinSkeleton/AnimationExamples/Overlay/Bow/ALS_Props_Bow_Aim_Sweep.uasset" 624
"../../../../../ouczbs/Survive/Content/AdvancedLocomotionV4/CharacterAssets/MannequinSkeleton/AnimationExamples/Overlay/Bow/ALS_Props_Bow_Aim_Sweep_Crouched.uasset" 625
"../../../../../ouczbs/Survive/Content/AdvancedLocomotionV4/CharacterAssets/MannequinSkeleton/AnimationExamples/Overlay/Bow/ALS_Props_Bow_Poses.uasset" 626
"../../../../../ouczbs/Survive/Content/AdvancedLocomotionV4/CharacterAssets/MannequinSkeleton/AnimationExamples/Overlay/Box/ALS_Props_Box_Poses.uasset" 627
"../../../../../ouczbs/Survive/Content/AdvancedLocomotionV4/CharacterAssets/MannequinSkeleton/AnimationExamples/Overlay/M4A1/ALS_Props_M4A1_Poses_NoCurves.uasset" 628
"../../../../../ouczbs/Survive/Content/AdvancedLocomotionV4/CharacterAssets/MannequinSkeleton/AnimationExamples/Overlay/M4A1/ALS_Props_M4A1_Aim_Sweep.uasset" 629
"../../../../../ouczbs/Survive/Content/AdvancedLocomotionV4/CharacterAssets/MannequinSkeleton/AnimationExamples/Overlay/M4A1/ALS_Props_M4A1_Aim_Sweep_Crouched.uasset" 630
"../../../../../ouczbs/Survive/Content/AdvancedLocomotionV4/CharacterAssets/MannequinSkeleton/AnimationExamples/Overlay/M4A1/ALS_Props_M4A1_Poses.uasset" 631
"../../../../../ouczbs/Survive/Content/AdvancedLocomotionV4/CharacterAssets/MannequinSkeleton/AnimationExamples/Overlay/M4A1/ALS_Props_M4A1_Run_F_Arms.uasset" 632
"../../../../../ouczbs/Survive/Content/AdvancedLocomotionV4/Blueprints/AnimModifiers/Copy_Curves.uasset" 633
"../../../../../ouczbs/Survive/Content/AdvancedLocomotionV4/CharacterAssets/MannequinSkeleton/AnimationExamples/Overlay/M4A1/ALS_Props_M4A1_Sprint_F_Arms.uasset" 634
"../../../../../ouczbs/Survive/Content/AdvancedLocomotionV4/CharacterAssets/MannequinSkeleton/AnimationExamples/Overlay/M4A1/ALS_Props_M4A1_Sprint_F_Impulse_Arms.uasset" 635
"../../../../../ouczbs/Survive/Content/AdvancedLocomotionV4/CharacterAssets/MannequinSkeleton/AnimationExamples/Overlay/Pistol/ALS_Props_Pistol_1H_Poses_NoCurves.uasset" 636
"../../../../../ouczbs/Survive/Content/AdvancedLocomotionV4/CharacterAssets/MannequinSkeleton/AnimationExamples/Overlay/Pistol/ALS_Props_Pistol_1H_Aim_Sweep.uasset" 637
"../../../../../ouczbs/Survive/Content/AdvancedLocomotionV4/CharacterAssets/MannequinSkeleton/AnimationExamples/Overlay/Pistol/ALS_Props_Pistol_1H_Aim_Sweep_Crouched.uasset" 638
"../../../../../ouczbs/Survive/Content/AdvancedLocomotionV4/CharacterAssets/MannequinSkeleton/AnimationExamples/Overlay/Pistol/ALS_Props_Pistol_1H_Poses.uasset" 639
"../../../../../ouczbs/Survive/Content/AdvancedLocomotionV4/CharacterAssets/MannequinSkeleton/AnimationExamples/Overlay/Pistol/ALS_Props_Pistol_2H_Poses_NoCurves.uasset" 640
"../../../../../ouczbs/Survive/Content/AdvancedLocomotionV4/CharacterAssets/MannequinSkeleton/AnimationExamples/Overlay/Pistol/ALS_Props_Pistol_2H_Aim_Sweep.uasset" 641
"../../../../../ouczbs/Survive/Content/AdvancedLocomotionV4/CharacterAssets/MannequinSkeleton/AnimationExamples/Overlay/Pistol/ALS_Props_Pistol_2H_Aim_Sweep_Crouched.uasset" 642
"../../../../../ouczbs/Survive/Content/AdvancedLocomotionV4/CharacterAssets/MannequinSkeleton/AnimationExamples/Overlay/Pistol/ALS_Props_Pistol_2H_Poses.uasset" 643
"../../../../../ouczbs/Survive/Content/AdvancedLocomotionV4/CharacterAssets/MannequinSkeleton/AnimationExamples/Overlay/Shared/ALS_N_SecondaryMotion.uasset" 644
"../../../../../ouczbs/Survive/Content/AdvancedLocomotionV4/CharacterAssets/MannequinSkeleton/AnimationExamples/Overlay/StanceVariations/ALS_StanceVariation_Feminine.uasset" 645
"../../../../../ouczbs/Survive/Content/AdvancedLocomotionV4/CharacterAssets/MannequinSkeleton/AnimationExamples/Overlay/StanceVariations/ALS_StanceVariation_HandsTied.uasset" 646
"../../../../../ouczbs/Survive/Content/AdvancedLocomotionV4/CharacterAssets/MannequinSkeleton/AnimationExamples/Overlay/StanceVariations/ALS_StanceVariation_Injured.uasset" 647
"../../../../../ouczbs/Survive/Content/AdvancedLocomotionV4/CharacterAssets/MannequinSkeleton/AnimationExamples/Overlay/StanceVariations/ALS_StanceVariation_Masculine.uasset" 648
"../../../../../ouczbs/Survive/Content/AdvancedLocomotionV4/CharacterAssets/MannequinSkeleton/AnimationExamples/Overlay/StanceVariations/ALS_StanceVariation_Normal.uasset" 649
"../../../../../ouczbs/Survive/Content/AdvancedLocomotionV4/CharacterAssets/MannequinSkeleton/AnimationExamples/Overlay/Torch/ALS_Props_Torch_Poses_NoCurves.uasset" 650
"../../../../../ouczbs/Survive/Content/AdvancedLocomotionV4/CharacterAssets/MannequinSkeleton/AnimationExamples/Overlay/Torch/ALS_Props_Torch_Aim_Sweep.uasset" 651
"../../../../../ouczbs/Survive/Content/AdvancedLocomotionV4/CharacterAssets/MannequinSkeleton/AnimationExamples/Overlay/Torch/ALS_Props_Torch_Aim_Sweep_Crouched.uasset" 652
"../../../../../ouczbs/Survive/Content/AdvancedLocomotionV4/CharacterAssets/MannequinSkeleton/AnimationExamples/Overlay/Torch/ALS_Props_Torch_Poses.uasset" 653
"../../../../../ouczbs/Survive/Content/AdvancedLocomotionV4/CharacterAssets/MannequinSkeleton/AnimationExamples/Base/InAir/Detail/ALS_N_Falling_LeanPose_0.uasset" 654
"../../../../../ouczbs/Survive/Content/AdvancedLocomotionV4/CharacterAssets/MannequinSkeleton/AnimationExamples/Base/InAir/Detail/ALS_N_Falling_LeanPose_B.uasset" 655
"../../../../../ouczbs/Survive/Content/AdvancedLocomotionV4/CharacterAssets/MannequinSkeleton/AnimationExamples/Base/InAir/Detail/ALS_N_Falling_LeanPose_F.uasset" 656
"../../../../../ouczbs/Survive/Content/AdvancedLocomotionV4/CharacterAssets/MannequinSkeleton/AnimationExamples/Base/InAir/Detail/ALS_N_Falling_LeanPose_L.uasset" 657
"../../../../../ouczbs/Survive/Content/AdvancedLocomotionV4/CharacterAssets/MannequinSkeleton/AnimationExamples/Base/InAir/Detail/ALS_N_Falling_LeanPose_R.uasset" 658
"../../../../../ouczbs/Survive/Content/AdvancedLocomotionV4/CharacterAssets/MannequinSkeleton/AnimationExamples/Base/InAir/Detail/ALS_N_Lean_Falling.uasset" 659
"../../../../../ouczbs/Survive/Content/AdvancedLocomotionV4/CharacterAssets/MannequinSkeleton/AnimationExamples/Base/Locomotion/ALS_N_Run_B.uasset" 660
"../../../../../ouczbs/Survive/Content/AdvancedLocomotionV4/Blueprints/AnimModifiers/AnimCurveCreationData.uasset" 661
"../../../../../ouczbs/Survive/Content/AdvancedLocomotionV4/Blueprints/AnimModifiers/AnimCurveCreationParams.uasset" 662
"../../../../../ouczbs/Survive/Content/AdvancedLocomotionV4/Blueprints/AnimModifiers/Create_Curves.uasset" 663
"../../../../../ouczbs/Survive/Content/AdvancedLocomotionV4/CharacterAssets/MannequinSkeleton/AnimationExamples/Base/Locomotion/ALS_N_RunPose_F.uasset" 664
"../../../../../ouczbs/Survive/Content/AdvancedLocomotionV4/CharacterAssets/MannequinSkeleton/AnimationExamples/Base/Locomotion/ALS_N_WalkPose_F.uasset" 665
"../../../../../ouczbs/Survive/Content/AdvancedLocomotionV4/CharacterAssets/MannequinSkeleton/AnimationExamples/Base/Locomotion/ALS_N_WalkRun_B.uasset" 666
"../../../../../ouczbs/Survive/Content/AdvancedLocomotionV4/CharacterAssets/MannequinSkeleton/AnimationExamples/Base/Locomotion/ALS_N_Run_LB.uasset" 667
"../../../../../ouczbs/Survive/Content/AdvancedLocomotionV4/CharacterAssets/MannequinSkeleton/AnimationExamples/Base/Locomotion/ALS_N_RunPose_R.uasset" 668
"../../../../../ouczbs/Survive/Content/AdvancedLocomotionV4/CharacterAssets/MannequinSkeleton/AnimationExamples/Base/Locomotion/ALS_N_WalkPose_R.uasset" 669
"../../../../../ouczbs/Survive/Content/AdvancedLocomotionV4/CharacterAssets/MannequinSkeleton/AnimationExamples/Base/Locomotion/ALS_N_WalkRun_BL.uasset" 670
"../../../../../ouczbs/Survive/Content/AdvancedLocomotionV4/CharacterAssets/MannequinSkeleton/AnimationExamples/Base/Locomotion/ALS_N_Run_RB.uasset" 671
"../../../../../ouczbs/Survive/Content/AdvancedLocomotionV4/CharacterAssets/MannequinSkeleton/AnimationExamples/Base/Locomotion/ALS_N_RunPose_L.uasset" 672
"../../../../../ouczbs/Survive/Content/AdvancedLocomotionV4/CharacterAssets/MannequinSkeleton/AnimationExamples/Base/Locomotion/ALS_N_WalkPose_L.uasset" 673
"../../../../../ouczbs/Survive/Content/AdvancedLocomotionV4/CharacterAssets/MannequinSkeleton/AnimationExamples/Base/Locomotion/ALS_N_WalkRun_BR.uasset" 674
"../../../../../ouczbs/Survive/Content/AdvancedLocomotionV4/CharacterAssets/MannequinSkeleton/AnimationExamples/Base/Locomotion/ALS_N_Run_F.uasset" 675
"../../../../../ouczbs/Survive/Content/AdvancedLocomotionV4/CharacterAssets/MannequinSkeleton/AnimationExamples/Base/Locomotion/ALS_N_WalkRun_F.uasset" 676
"../../../../../ouczbs/Survive/Content/AdvancedLocomotionV4/CharacterAssets/MannequinSkeleton/AnimationExamples/Base/Locomotion/ALS_N_Run_LF.uasset" 677
"../../../../../ouczbs/Survive/Content/AdvancedLocomotionV4/CharacterAssets/MannequinSkeleton/AnimationExamples/Base/Locomotion/ALS_N_WalkRun_FL.uasset" 678
"../../../../../ouczbs/Survive/Content/AdvancedLocomotionV4/CharacterAssets/MannequinSkeleton/AnimationExamples/Base/Locomotion/ALS_N_Run_RF.uasset" 679
"../../../../../ouczbs/Survive/Content/AdvancedLocomotionV4/CharacterAssets/MannequinSkeleton/AnimationExamples/Base/Locomotion/ALS_N_WalkRun_FR.uasset" 680
"../../../../../ouczbs/Survive/Content/AdvancedLocomotionV4/CharacterAssets/MannequinSkeleton/AnimationExamples/Base/Locomotion/Detail/ALS_N_LeanPose_0.uasset" 681
"../../../../../ouczbs/Survive/Content/AdvancedLocomotionV4/CharacterAssets/MannequinSkeleton/AnimationExamples/Base/Locomotion/Detail/ALS_N_LeanPose_B.uasset" 682
"../../../../../ouczbs/Survive/Content/AdvancedLocomotionV4/CharacterAssets/MannequinSkeleton/AnimationExamples/Base/Locomotion/Detail/ALS_N_LeanPose_F.uasset" 683
"../../../../../ouczbs/Survive/Content/AdvancedLocomotionV4/CharacterAssets/MannequinSkeleton/AnimationExamples/Base/Locomotion/Detail/ALS_N_LeanPose_L.uasset" 684
"../../../../../ouczbs/Survive/Content/AdvancedLocomotionV4/CharacterAssets/MannequinSkeleton/AnimationExamples/Base/Locomotion/Detail/ALS_N_LeanPose_R.uasset" 685
"../../../../../ouczbs/Survive/Content/AdvancedLocomotionV4/CharacterAssets/MannequinSkeleton/AnimationExamples/Base/Locomotion/Detail/ALS_N_Lean.uasset" 686
"../../../../../ouczbs/Survive/Content/AdvancedLocomotionV4/CharacterAssets/MannequinSkeleton/AnimationExamples/AimOffsets/ALS_N_Look_D_Sweep.uasset" 687
"../../../../../ouczbs/Survive/Content/AdvancedLocomotionV4/CharacterAssets/MannequinSkeleton/AnimationExamples/AimOffsets/ALS_N_Look_U_Sweep.uasset" 688
"../../../../../ouczbs/Survive/Content/AdvancedLocomotionV4/CharacterAssets/MannequinSkeleton/AnimationExamples/AimOffsets/ALS_N_Look.uasset" 689
"../../../../../ouczbs/Survive/Content/AdvancedLocomotionV4/Data/Curves/AnimationBlendCurves/AimingInCurve.uasset" 690
"../../../../../ouczbs/Survive/Content/AdvancedLocomotionV4/Data/Curves/AnimationBlendCurves/AimingOutCurve.uasset" 691
"../../../../../ouczbs/Survive/Content/AdvancedLocomotionV4/Data/Curves/AnimationBlendCurves/AO_SwitchSidesIn.uasset" 692
"../../../../../ouczbs/Survive/Content/AdvancedLocomotionV4/Data/Curves/AnimationBlendCurves/AO_SwitchSidesOut.uasset" 693
"../../../../../ouczbs/Survive/Content/AdvancedLocomotionV4/Data/Curves/AnimationBlendCurves/ChangeDirection.uasset" 694
"../../../../../ouczbs/Survive/Content/AdvancedLocomotionV4/Data/Curves/AnimationBlendCurves/ChangeStance.uasset" 695
"../../../../../ouczbs/Survive/Content/AdvancedLocomotionV4/Data/Curves/AnimationBlendCurves/DiagonalScaleAmount.uasset" 696
"../../../../../ouczbs/Survive/Content/AdvancedLocomotionV4/Data/Curves/AnimationBlendCurves/LandPredictionBlend.uasset" 697
"../../../../../ouczbs/Survive/Content/AdvancedLocomotionV4/Data/Curves/AnimationBlendCurves/LeanInAirAmount.uasset" 698
"../../../../../ouczbs/Survive/Content/AdvancedLocomotionV4/Data/Curves/AnimationBlendCurves/LookIn.uasset" 699
"../../../../../ouczbs/Survive/Content/AdvancedLocomotionV4/Data/Curves/AnimationBlendCurves/LookOut.uasset" 700
"../../../../../ouczbs/Survive/Content/AdvancedLocomotionV4/Data/Curves/AnimationBlendCurves/StrideBlend_N_Run.uasset" 701
"../../../../../ouczbs/Survive/Content/AdvancedLocomotionV4/Data/Curves/AnimationBlendCurves/StrideBlend_N_Walk.uasset" 702
"../../../../../ouczbs/Survive/Content/AdvancedLocomotionV4/Data/Curves/AnimationBlendCurves/YawOffset_FB.uasset" 703
"../../../../../ouczbs/Survive/Content/AdvancedLocomotionV4/Data/Curves/AnimationBlendCurves/YawOffset_LR.uasset" 704
"../../../../../ouczbs/Survive/Content/AdvancedLocomotionV4/Data/Enums/HipsDirection.uasset" 705
"../../../../../ouczbs/Survive/Content/AdvancedLocomotionV4/Data/Enums/MovementDirection.uasset" 706
"../../../../../ouczbs/Survive/Content/AdvancedLocomotionV4/Data/Structs/DynamicMontageParams.uasset" 707
"../../../../../ouczbs/Survive/Content/AdvancedLocomotionV4/Data/Structs/LeanAmount.uasset" 708
"../../../../../ouczbs/Survive/Content/AdvancedLocomotionV4/Data/Structs/RotateInPlace_Asset.uasset" 709
"../../../../../ouczbs/Survive/Content/AdvancedLocomotionV4/Data/Structs/TurnInPlace_Asset.uasset" 710
"../../../../../ouczbs/Survive/Content/AdvancedLocomotionV4/Data/Structs/VelocityBlend.uasset" 711
"../../../../../ouczbs/Survive/Content/AdvancedLocomotionV4/CharacterAssets/MannequinSkeleton/ALS_AnimBP.uasset" 712
"../../../../../ouczbs/Survive/Content/AdvancedLocomotionV4/Props/Meshes/Bow_Skeleton.uasset" 713
"../../../../../ouczbs/Survive/Content/AdvancedLocomotionV4/Props/Meshes/Bow_Draw.uasset" 714
"../../../../../ouczbs/Survive/Content/AdvancedLocomotionV4/Props/Meshes/Bow_AnimBP.uasset" 715
"../../../../../ouczbs/Survive/Content/AdvancedLocomotionV4/CharacterAssets/MannequinSkeleton/AnimationExamples/Actions/ALS_CLF_GetUp_Back.uasset" 716
"../../../../../ouczbs/Survive/Content/AdvancedLocomotionV4/Blueprints/AnimNotifys/MovementAction_NotifyState.uasset" 717
"../../../../../ouczbs/Survive/Content/AdvancedLocomotionV4/Blueprints/AnimNotifys/OverlayOverride_NotifyState.uasset" 718
"../../../../../ouczbs/Survive/Content/AdvancedLocomotionV4/CharacterAssets/MannequinSkeleton/AnimationExamples/Actions/ALS_CLF_GetUp_Back_Montage_2H.uasset" 719
"../../../../../ouczbs/Survive/Content/AdvancedLocomotionV4/CharacterAssets/MannequinSkeleton/AnimationExamples/Actions/ALS_CLF_GetUp_Back_Montage_Default.uasset" 720
"../../../../../ouczbs/Survive/Content/AdvancedLocomotionV4/CharacterAssets/MannequinSkeleton/AnimationExamples/Actions/ALS_CLF_GetUp_Back_Montage_LH.uasset" 721
"../../../../../ouczbs/Survive/Content/AdvancedLocomotionV4/CharacterAssets/MannequinSkeleton/AnimationExamples/Actions/ALS_CLF_GetUp_Back_Montage_RH.uasset" 722
"../../../../../ouczbs/Survive/Content/AdvancedLocomotionV4/CharacterAssets/MannequinSkeleton/AnimationExamples/Actions/ALS_CLF_GetUp_Front.uasset" 723
"../../../../../ouczbs/Survive/Content/AdvancedLocomotionV4/CharacterAssets/MannequinSkeleton/AnimationExamples/Actions/ALS_CLF_GetUp_Front_Montage_2H.uasset" 724
"../../../../../ouczbs/Survive/Content/AdvancedLocomotionV4/CharacterAssets/MannequinSkeleton/AnimationExamples/Actions/ALS_CLF_GetUp_Front_Montage_Default.uasset" 725
"../../../../../ouczbs/Survive/Content/AdvancedLocomotionV4/CharacterAssets/MannequinSkeleton/AnimationExamples/Actions/ALS_CLF_GetUp_Front_Montage_LH.uasset" 726
"../../../../../ouczbs/Survive/Content/AdvancedLocomotionV4/CharacterAssets/MannequinSkeleton/AnimationExamples/Actions/ALS_CLF_GetUp_Front_Montage_RH.uasset" 727
"../../../../../ouczbs/Survive/Content/AdvancedLocomotionV4/CharacterAssets/MannequinSkeleton/AnimationExamples/Actions/ALS_N_LandRoll_F_Montage_2H.uasset" 728
"../../../../../ouczbs/Survive/Content/AdvancedLocomotionV4/CharacterAssets/MannequinSkeleton/AnimationExamples/Actions/ALS_N_LandRoll_F_Montage_Default.uasset" 729
"../../../../../ouczbs/Survive/Content/AdvancedLocomotionV4/CharacterAssets/MannequinSkeleton/AnimationExamples/Actions/ALS_N_LandRoll_F_Montage_LH.uasset" 730
"../../../../../ouczbs/Survive/Content/AdvancedLocomotionV4/CharacterAssets/MannequinSkeleton/AnimationExamples/Actions/ALS_N_LandRoll_F_Montage_RH.uasset" 731
"../../../../../ouczbs/Survive/Content/AdvancedLocomotionV4/CharacterAssets/MannequinSkeleton/AnimationExamples/Actions/ALS_N_Mantle_1m_RH.uasset" 732
"../../../../../ouczbs/Survive/Content/AdvancedLocomotionV4/Blueprints/AnimNotifys/EarlyBlendOut_NotifyState.uasset" 733
"../../../../../ouczbs/Survive/Content/AdvancedLocomotionV4/CharacterAssets/MannequinSkeleton/AnimationExamples/Actions/ALS_N_Mantle_1m_Montage_2H.uasset" 734
"../../../../../ouczbs/Survive/Content/AdvancedLocomotionV4/CharacterAssets/MannequinSkeleton/AnimationExamples/Actions/ALS_N_Mantle_1m_Montage_Box.uasset" 735
"../../../../../ouczbs/Survive/Content/AdvancedLocomotionV4/CharacterAssets/MannequinSkeleton/AnimationExamples/Actions/ALS_N_Mantle_1m_Montage_Default.uasset" 736
"../../../../../ouczbs/Survive/Content/AdvancedLocomotionV4/CharacterAssets/MannequinSkeleton/AnimationExamples/Actions/ALS_N_Mantle_1m_LH.uasset" 737
"../../../../../ouczbs/Survive/Content/AdvancedLocomotionV4/CharacterAssets/MannequinSkeleton/AnimationExamples/Actions/ALS_N_Mantle_1m_Montage_LH.uasset" 738
"../../../../../ouczbs/Survive/Content/AdvancedLocomotionV4/CharacterAssets/MannequinSkeleton/AnimationExamples/Actions/ALS_N_Mantle_1m_Montage_RH.uasset" 739
"../../../../../ouczbs/Survive/Content/AdvancedLocomotionV4/CharacterAssets/MannequinSkeleton/AnimationExamples/Actions/ALS_N_Mantle_2m.uasset" 740
"../../../../../ouczbs/Survive/Content/AdvancedLocomotionV4/CharacterAssets/MannequinSkeleton/AnimationExamples/Actions/ALS_N_Mantle_2m_Montage_Default.uasset" 741
"../../../../../ouczbs/Survive/Content/AdvancedLocomotionV4/CharacterAssets/MannequinSkeleton/PhysicsAssets/AnimMan_PhysicsAsset.uasset" 742
"../../../../../ouczbs/Survive/Content/AdvancedLocomotionV4/CharacterAssets/MannequinSkeleton/Meshes/AnimMan.uasset" 743
"../../../../../ouczbs/Survive/Content/AdvancedLocomotionV4/CharacterAssets/MannequinSkeleton/Materials/Textures/UE4_Mannequin__normals.uasset" 744
"../../../../../ouczbs/Survive/Content/AdvancedLocomotionV4/CharacterAssets/MannequinSkeleton/Materials/Textures/UE4_Mannequin_MAT_MASKA.uasset" 745
"../../../../../ouczbs/Survive/Content/AdvancedLocomotionV4/CharacterAssets/MannequinSkeleton/Materials/M_Mannequin_Body.uasset" 746
"../../../../../ouczbs/Survive/Content/AdvancedLocomotionV4/CharacterAssets/MannequinSkeleton/Materials/Textures/UE4_LOGO_CARD.uasset" 747
"../../../../../ouczbs/Survive/Content/AdvancedLocomotionV4/CharacterAssets/MannequinSkeleton/Materials/Textures/UE4Man_Logo_N.uasset" 748
"../../../../../ouczbs/Survive/Content/AdvancedLocomotionV4/CharacterAssets/MannequinSkeleton/Materials/M_Mannequin_Logo.uasset" 749
"../../../../../ouczbs/Survive/Content/AdvancedLocomotionV4/CharacterAssets/MannequinSkeleton/PhysicsAssets/Mannequin_PhysicsAsset.uasset" 750
"../../../../../ouczbs/Survive/Content/AdvancedLocomotionV4/CharacterAssets/MannequinSkeleton/Meshes/Mannequin.uasset" 751
"../../../../../ouczbs/Survive/Content/AdvancedLocomotionV4/Props/Materials/M_Prop.uasset" 752
"../../../../../ouczbs/Survive/Content/AdvancedLocomotionV4/Props/Meshes/Barrel.uasset" 753
"../../../../../ouczbs/Survive/Content/AdvancedLocomotionV4/Props/Materials/M_Prop_Binoculars.uasset" 754
"../../../../../ouczbs/Survive/Content/AdvancedLocomotionV4/Props/Meshes/Binoculars.uasset" 755
"../../../../../ouczbs/Survive/Content/AdvancedLocomotionV4/Props/Materials/M_Prop_Bow1.uasset" 756
"../../../../../ouczbs/Survive/Content/AdvancedLocomotionV4/Props/Materials/M_Prop_Bow2.uasset" 757
"../../../../../ouczbs/Survive/Content/AdvancedLocomotionV4/Props/Materials/M_Prop_Bow3.uasset" 758
"../../../../../ouczbs/Survive/Content/AdvancedLocomotionV4/Props/Meshes/Bow.uasset" 759
"../../../../../ouczbs/Survive/Content/AdvancedLocomotionV4/Props/Meshes/Box.uasset" 760
"../../../../../ouczbs/Survive/Content/AdvancedLocomotionV4/Props/Materials/M_Prop_M4A1.uasset" 761
"../../../../../ouczbs/Survive/Content/AdvancedLocomotionV4/Props/Meshes/M4A1_Skeleton.uasset" 762
"../../../../../ouczbs/Survive/Content/AdvancedLocomotionV4/Props/Meshes/M4A1.uasset" 763
"../../../../../ouczbs/Survive/Content/AdvancedLocomotionV4/Props/Materials/M_Prop_M9.uasset" 764
"../../../../../ouczbs/Survive/Content/AdvancedLocomotionV4/Props/Meshes/M9_Skeleton.uasset" 765
"../../../../../ouczbs/Survive/Content/AdvancedLocomotionV4/Props/Meshes/M9.uasset" 766
"../../../../../ouczbs/Survive/Content/AdvancedLocomotionV4/Props/Materials/M_Prop_Torch1.uasset" 767
"../../../../../ouczbs/Survive/Content/AdvancedLocomotionV4/Props/Materials/M_Prop_Torch2.uasset" 768
"../../../../../ouczbs/Survive/Content/AdvancedLocomotionV4/Props/Materials/M_Prop_Torch3.uasset" 769
"../../../../../ouczbs/Survive/Content/AdvancedLocomotionV4/Props/Meshes/Torch.uasset" 770
"../../../../../ouczbs/Survive/Content/AdvancedLocomotionV4/Blueprints/CharacterLogic/ALS_AnimMan_CharacterBP.uasset" 771
"../../../../../ouczbs/Survive/Content/AdvancedLocomotionV4/Data/Curves/CameraBlendCurves/CameraLerp_1.uasset" 772
"../../../../../ouczbs/Survive/Content/AdvancedLocomotionV4/Data/Curves/CameraBlendCurves/CameraLerp_2.uasset" 773
"../../../../../ouczbs/Survive/Content/AdvancedLocomotionV4/Blueprints/CameraSystem/Camera_Skeleton.uasset" 774
"../../../../../ouczbs/Survive/Content/AdvancedLocomotionV4/Blueprints/CameraSystem/ALS_PlayerCameraBehavior.uasset" 775
"../../../Engine/Content/BasicShapes/BasicShapeMaterial.uasset" 776
"../../../../../ouczbs/Survive/Content/AdvancedLocomotionV4/Blueprints/CameraSystem/Camera.uasset" 777
"../../../../../ouczbs/Survive/Content/AdvancedLocomotionV4/Blueprints/CameraSystem/ALS_PlayerCameraManager.uasset" 778
"../../../../../ouczbs/Survive/Content/AdvancedLocomotionV4/Audio/UI/Click.uasset" 779
"../../../../../ouczbs/Survive/Content/AdvancedLocomotionV4/Blueprints/UI/Arrow.uasset" 780
"../../../../../ouczbs/Survive/Content/AdvancedLocomotionV4/Blueprints/UI/ALS_HUD.uasset" 781
"../../../../../ouczbs/Survive/Content/AdvancedLocomotionV4/Blueprints/UI/OverlayStateButton.uasset" 782
"../../../../../ouczbs/Survive/Content/AdvancedLocomotionV4/Blueprints/UI/OverlayStateButtonParams.uasset" 783
"../../../../../ouczbs/Survive/Content/AdvancedLocomotionV4/Blueprints/UI/OverlayStateSwitcher.uasset" 784
"../../../../../ouczbs/Survive/Content/AdvancedLocomotionV4/Blueprints/CharacterLogic/ALS_Player_Controller.uasset" 785
"../../../../../ouczbs/Survive/Content/Maps/SurviveGameMode.uasset" 786
"../../../../../ouczbs/Survive/Content/Maps/TestMap_BuiltData.uasset" 787
"../../../Engine/Content/EngineMaterials/DefaultPhysicalMaterial.uasset" 788
"../../../../../ouczbs/Survive/Content/Maps/TestMap.umap" 789
"../../../../../ouczbs/Survive/Content/AdvancedLocomotionV4/Blueprints/GameModes/ALS_GameMode_SP.uasset" 790
"../../../../../ouczbs/Survive/Content/AdvancedLocomotionV4/Environment/Meshes/Simple_Block_1x1.uasset" 791
"../../../../../ouczbs/Survive/Content/AdvancedLocomotionV4/Environment/Meshes/Simple_Block_3x3.uasset" 792
"../../../../../ouczbs/Survive/Content/AdvancedLocomotionV4/Environment/SimpleObjectBuilder.uasset" 793
"../../../../../ouczbs/Survive/Content/AdvancedLocomotionV4/Environment/SmoothObjectMovement.uasset" 794
"../../../../../ouczbs/Survive/Content/AdvancedLocomotionV4/Environment/SimpleMovingObject.uasset" 795
"../../../../../ouczbs/Survive/Content/AdvancedLocomotionV4/Environment/Text/RobotoDistanceField_Outlines.uasset" 796
"../../../../../ouczbs/Survive/Content/AdvancedLocomotionV4/Levels/ALS_DemoLevel_BuiltData.uasset" 797
"../../../../../ouczbs/Survive/Content/AdvancedLocomotionV4/Environment/Text/M_OutlinedText.uasset" 798
"../../../../../ouczbs/Survive/Content/AdvancedLocomotionV4/Environment/Materials/M_Landscape.uasset" 799
"../../../../../ouczbs/Survive/Content/AdvancedLocomotionV4/Audio/Background/Starter_Birds01.uasset" 800
"../../../../../ouczbs/Survive/Content/AdvancedLocomotionV4/Audio/Background/Starter_Wind05.uasset" 801
"../../../../../ouczbs/Survive/Content/AdvancedLocomotionV4/Audio/Background/Starter_Wind06.uasset" 802
"../../../../../ouczbs/Survive/Content/AdvancedLocomotionV4/Audio/Background/Starter_Background_Cue.uasset" 803
"../../../../../ouczbs/Survive/Content/AdvancedLocomotionV4/Environment/Meshes/Complex_Arch_02.uasset" 804
"../../../../../ouczbs/Survive/Content/AdvancedLocomotionV4/Environment/Meshes/Complex_Barrel.uasset" 805
"../../../../../ouczbs/Survive/Content/AdvancedLocomotionV4/Environment/Meshes/Complex_Barrel_Broken.uasset" 806
"../../../../../ouczbs/Survive/Content/AdvancedLocomotionV4/Environment/Meshes/Complex_Bench.uasset" 807
"../../../../../ouczbs/Survive/Content/AdvancedLocomotionV4/Environment/Meshes/Complex_Cart.uasset" 808
"../../../../../ouczbs/Survive/Content/AdvancedLocomotionV4/Environment/Meshes/Complex_Crate.uasset" 809
"../../../../../ouczbs/Survive/Content/AdvancedLocomotionV4/Environment/Meshes/Complex_Crate_Broken.uasset" 810
"../../../../../ouczbs/Survive/Content/AdvancedLocomotionV4/Environment/Meshes/Complex_Fountain_01.uasset" 811
"../../../../../ouczbs/Survive/Content/AdvancedLocomotionV4/Environment/Meshes/Complex_Rock.uasset" 812
"../../../../../ouczbs/Survive/Content/AdvancedLocomotionV4/Environment/Meshes/Simple_Block_2x2.uasset" 813
"../../../../../ouczbs/Survive/Content/AdvancedLocomotionV4/Environment/Meshes/Simple_Floor_20x20.uasset" 814
"../../../../../ouczbs/Survive/Content/AdvancedLocomotionV4/Environment/Meshes/Simple_InfoWall_3x5.uasset" 815
"../../../../../ouczbs/Survive/Content/AdvancedLocomotionV4/Environment/Meshes/Simple_Pillar.uasset" 816
"../../../../../ouczbs/Survive/Content/AdvancedLocomotionV4/Environment/Meshes/Simple_TitleBoard.uasset" 817
"../../../../../ouczbs/Survive/Content/AdvancedLocomotionV4/Environment/Meshes/Simple_Wall_2x20.uasset" 818
"../../../../../ouczbs/Survive/Content/AdvancedLocomotionV4/Levels/ALS_DemoLevel.umap" 819
"../../../../../ouczbs/Survive/Content/AdvancedLocomotionV4/Levels/ALS_GridLevel_BuiltData.uasset" 820
"../../../../../ouczbs/Survive/Content/AdvancedLocomotionV4/Environment/Materials/M_GridLevel_Background.uasset" 821
"../../../../../ouczbs/Survive/Content/AdvancedLocomotionV4/Environment/Materials/M_GridLevel_Grid.uasset" 822
"../../../Engine/Content/BasicShapes/Sphere.uasset" 823
"../../../../../ouczbs/Survive/Content/AdvancedLocomotionV4/Environment/Materials/Textures/T_WhiteLight_CubeMap.uasset" 824
"../../../../../ouczbs/Survive/Content/AdvancedLocomotionV4/Environment/Meshes/Simple_Floor_1km.uasset" 825
"../../../../../ouczbs/Survive/Content/AdvancedLocomotionV4/Levels/ALS_GridLevel.umap" 826
"../../../../../ouczbs/Survive/Content/PlayerBuildingSystem/Blueprints/BuildingBlueprints/Other/S_BuildingSave.uasset" 827
"../../../../../ouczbs/Survive/Content/PlayerBuildingSystem/Blueprints/BuildingSave.uasset" 828
"../../../../../ouczbs/Survive/Content/PlayerBuildingSystem/Textures/Icons/T_Save_Icon.uasset" 829
"../../../../../ouczbs/Survive/Content/PlayerBuildingSystem/Blueprints/SaveSystem.uasset" 830
"../../../../../ouczbs/Survive/Content/PlayerBuildingSystem/Textures/Meshes/T_Boulder01_D.uasset" 831
"../../../../../ouczbs/Survive/Content/PlayerBuildingSystem/Textures/Meshes/T_Boulder01_N.uasset" 832
"../../../../../ouczbs/Survive/Content/PlayerBuildingSystem/Materials/M_Boulder.uasset" 833
"../../../../../ouczbs/Survive/Content/PlayerBuildingSystem/Meshes/StaticMeshes/Other/SM_Rock_01.uasset" 834
"../../../../../ouczbs/Survive/Content/PlayerBuildingSystem/Blueprints/RockResource.uasset" 835
"../../../Engine/Content/Functions/Engine_MaterialFunctions01/Shading/ConvertFromDiffSpec.uasset" 836
"../../../Engine/Content/Functions/Engine_MaterialFunctions01/Shading/FuzzyShading.uasset" 837
"../../../../../ouczbs/Survive/Content/PlayerBuildingSystem/Textures/Meshes/T_COG_Foliage_Leaves_AO.uasset" 838
"../../../../../ouczbs/Survive/Content/PlayerBuildingSystem/Textures/Meshes/T_COG_Foliage_Leaves_D.uasset" 839
"../../../../../ouczbs/Survive/Content/PlayerBuildingSystem/Textures/Meshes/T_COG_Foliage_Leaves_N.uasset" 840
"../../../../../ouczbs/Survive/Content/PlayerBuildingSystem/Materials/M_TreeBranches.uasset" 841
"../../../Engine/Content/Functions/Engine_MaterialFunctions01/Shading/PowerToRoughness.uasset" 842
"../../../../../ouczbs/Survive/Content/PlayerBuildingSystem/Textures/Meshes/T_Bark01_D.uasset" 843
"../../../../../ouczbs/Survive/Content/PlayerBuildingSystem/Textures/Meshes/T_Bark01_N.uasset" 844
"../../../../../ouczbs/Survive/Content/PlayerBuildingSystem/Materials/M_TreeTrunk.uasset" 845
"../../../../../ouczbs/Survive/Content/PlayerBuildingSystem/Meshes/StaticMeshes/Other/SM_Tree_01.uasset" 846
"../../../../../ouczbs/Survive/Content/PlayerBuildingSystem/Blueprints/TreeResource.uasset" 847
"../../../../../ouczbs/Survive/Content/PlayerBuildingSystem/Maps/Showcase.umap" 848
"../../../Engine/Content/Maps/Entry_BuiltData.uasset" 849
"../../../Engine/Content/Maps/Entry.umap" 850
