LogBlueprint: Warning: [Compiler ALS_Base_CharacterBP] 输入操作事件（InputAction Event）为  输入操作RagdollAction  引用了未知操作 'RagdollAction’
LogBlueprint: Warning: [Compiler ALS_Base_CharacterBP] 输入操作事件（InputAction Event）为  输入操作SprintAction  引用了未知操作 'SprintAction’
LogBlueprint: Warning: [Compiler ALS_Base_CharacterBP] 输入操作事件（InputAction Event）为  输入操作SprintAction  引用了未知操作 'SprintAction’
LogBlueprint: Warning: [Compiler ALS_Base_CharacterBP] 输入操作事件（InputAction Event）为  输入操作CameraAction  引用了未知操作 'CameraAction’
LogBlueprint: Warning: [Compiler ALS_Base_CharacterBP] 输入操作事件（InputAction Event）为  输入操作StanceAction  引用了未知操作 'StanceAction’
LogBlueprint: Warning: [Compiler ALS_Base_CharacterBP] 输入操作事件（InputAction Event）为  输入操作AimAction  引用了未知操作 'AimAction’
LogBlueprint: Warning: [Compiler ALS_Base_CharacterBP] 输入操作事件（InputAction Event）为  输入操作SelectRotationMode_2  引用了未知操作 'SelectRotationMode_2’
LogBlueprint: Warning: [Compiler ALS_Base_CharacterBP] 输入操作事件（InputAction Event）为  输入操作SelectRotationMode_1  引用了未知操作 'SelectRotationMode_1’
LogBlueprint: Warning: [Compiler ALS_Base_CharacterBP] 输入操作事件（InputAction Event）为  输入操作WalkAction  引用了未知操作 'WalkAction’
LogBlueprint: Warning: [Compiler ALS_Base_CharacterBP] 输入操作事件（InputAction Event）为  输入操作JumpAction  引用了未知操作 'JumpAction’
LogBlueprint: Warning: [Compiler ALS_Base_CharacterBP] 输入轴事件（Input Axis Event）为  输入轴LookLeft/Right  引用了未知轴 'LookLeft/Right’
LogBlueprint: Warning: [Compiler ALS_Base_CharacterBP] 输入轴事件（Input Axis Event）为  输入轴LookUp/Down  引用了未知轴 'LookUp/Down’
LogBlueprint: Warning: [Compiler ALS_Base_CharacterBP] 输入轴事件（Input Axis Event）为  输入轴MoveRight/Left  引用了未知轴 'MoveRight/Left’
LogBlueprint: Warning: [Compiler ALS_Base_CharacterBP] 输入轴事件（Input Axis Event）为  输入轴MoveForward/Backwards  引用了未知轴 'MoveForward/Backwards’
LogBlueprint: Warning: [Compiler ALS_Base_CharacterBP] 获取输入轴（Get Input Axis）为  获得MoveRight/Left  引用了未知轴 'MoveRight/Left’
LogBlueprint: Warning: [Compiler ALS_Base_CharacterBP] 获取输入轴（Get Input Axis）为  获得MoveForward/Backwards  引用了未知轴 'MoveForward/Backwards’
LogBlueprint: Warning: [Compiler ALS_Base_CharacterBP] 获取输入轴（Get Input Axis）为  获得MoveForward/Backwards  引用了未知轴 'MoveForward/Backwards’
LogBlueprint: Warning: [Compiler ALS_Base_CharacterBP] 获取输入轴（Get Input Axis）为  获得MoveRight/Left  引用了未知轴 'MoveRight/Left’
LogBlueprint: Warning: [Compiler ALS_Player_Controller] 输入操作事件（InputAction Event）为  输入操作CycleOverlayDown  引用了未知操作 'CycleOverlayDown’
LogBlueprint: Warning: [Compiler ALS_Player_Controller] 输入操作事件（InputAction Event）为  输入操作CycleOverlayUp  引用了未知操作 'CycleOverlayUp’
LogBlueprint: Warning: [Compiler ALS_Player_Controller] 输入操作事件（InputAction Event）为  输入操作OpenOverlayMenu  引用了未知操作 'OpenOverlayMenu’
LogAIModule: Creating AISystem for world ALS_DemoLevel